ERROR 2026-01-20 17:44:56,232 log 18671 140179555915456 Internal Server Error: /admin/login/
Traceback (most recent call last):
  File "/home/shadowcode/Bureau/mangaverse/env/lib/python3.11/site-packages/django/db/backends/utils.py", line 105, in _execute
    return self.cursor.execute(sql, params)
           ^^^^^^^^^^^^^^^^^^^^^^^^^^^^^^^^
psycopg2.errors.UndefinedTable: ERREUR:  la relation « django_site » n'existe pas
LINE 1: ..."django_site"."domain", "django_site"."name" FROM "django_si...
                                                             ^


The above exception was the direct cause of the following exception:

Traceback (most recent call last):
  File "/home/shadowcode/Bureau/mangaverse/env/lib/python3.11/site-packages/django/core/handlers/exception.py", line 55, in inner
    response = get_response(request)
               ^^^^^^^^^^^^^^^^^^^^^
  File "/home/shadowcode/Bureau/mangaverse/env/lib/python3.11/site-packages/django/core/handlers/base.py", line 197, in _get_response
    response = wrapped_callback(request, *callback_args, **callback_kwargs)
               ^^^^^^^^^^^^^^^^^^^^^^^^^^^^^^^^^^^^^^^^^^^^^^^^^^^^^^^^^^^^
  File "/home/shadowcode/Bureau/mangaverse/env/lib/python3.11/site-packages/django/utils/decorators.py", line 48, in _wrapper
    return bound_method(*args, **kwargs)
           ^^^^^^^^^^^^^^^^^^^^^^^^^^^^^
  File "/home/shadowcode/Bureau/mangaverse/env/lib/python3.11/site-packages/django/views/decorators/cache.py", line 80, in _view_wrapper
    response = view_func(request, *args, **kwargs)
               ^^^^^^^^^^^^^^^^^^^^^^^^^^^^^^^^^^^
  File "/home/shadowcode/Bureau/mangaverse/env/lib/python3.11/site-packages/django/contrib/admin/sites.py", line 440, in login
    return LoginView.as_view(**defaults)(request)
           ^^^^^^^^^^^^^^^^^^^^^^^^^^^^^^^^^^^^^^
  File "/home/shadowcode/Bureau/mangaverse/env/lib/python3.11/site-packages/django/views/generic/base.py", line 104, in view
    return self.dispatch(request, *args, **kwargs)
           ^^^^^^^^^^^^^^^^^^^^^^^^^^^^^^^^^^^^^^^
  File "/home/shadowcode/Bureau/mangaverse/env/lib/python3.11/site-packages/django/utils/decorators.py", line 48, in _wrapper
    return bound_method(*args, **kwargs)
           ^^^^^^^^^^^^^^^^^^^^^^^^^^^^^
  File "/home/shadowcode/Bureau/mangaverse/env/lib/python3.11/site-packages/django/views/decorators/debug.py", line 143, in sensitive_post_parameters_wrapper
    return view(request, *args, **kwargs)
           ^^^^^^^^^^^^^^^^^^^^^^^^^^^^^^
  File "/home/shadowcode/Bureau/mangaverse/env/lib/python3.11/site-packages/django/utils/decorators.py", line 48, in _wrapper
    return bound_method(*args, **kwargs)
           ^^^^^^^^^^^^^^^^^^^^^^^^^^^^^
  File "/home/shadowcode/Bureau/mangaverse/env/lib/python3.11/site-packages/django/utils/decorators.py", line 188, in _view_wrapper
    result = _process_exception(request, e)
             ^^^^^^^^^^^^^^^^^^^^^^^^^^^^^^
  File "/home/shadowcode/Bureau/mangaverse/env/lib/python3.11/site-packages/django/utils/decorators.py", line 186, in _view_wrapper
    response = view_func(request, *args, **kwargs)
               ^^^^^^^^^^^^^^^^^^^^^^^^^^^^^^^^^^^
  File "/home/shadowcode/Bureau/mangaverse/env/lib/python3.11/site-packages/django/utils/decorators.py", line 48, in _wrapper
    return bound_method(*args, **kwargs)
           ^^^^^^^^^^^^^^^^^^^^^^^^^^^^^
  File "/home/shadowcode/Bureau/mangaverse/env/lib/python3.11/site-packages/django/views/decorators/cache.py", line 80, in _view_wrapper
    response = view_func(request, *args, **kwargs)
               ^^^^^^^^^^^^^^^^^^^^^^^^^^^^^^^^^^^
  File "/home/shadowcode/Bureau/mangaverse/env/lib/python3.11/site-packages/django/contrib/auth/views.py", line 88, in dispatch
    return super().dispatch(request, *args, **kwargs)
           ^^^^^^^^^^^^^^^^^^^^^^^^^^^^^^^^^^^^^^^^^^
  File "/home/shadowcode/Bureau/mangaverse/env/lib/python3.11/site-packages/django/views/generic/base.py", line 143, in dispatch
    return handler(request, *args, **kwargs)
           ^^^^^^^^^^^^^^^^^^^^^^^^^^^^^^^^^
  File "/home/shadowcode/Bureau/mangaverse/env/lib/python3.11/site-packages/django/views/generic/edit.py", line 142, in get
    return self.render_to_response(self.get_context_data())
                                   ^^^^^^^^^^^^^^^^^^^^^^^
  File "/home/shadowcode/Bureau/mangaverse/env/lib/python3.11/site-packages/django/contrib/auth/views.py", line 112, in get_context_data
    current_site = get_current_site(self.request)
                   ^^^^^^^^^^^^^^^^^^^^^^^^^^^^^^
  File "/home/shadowcode/Bureau/mangaverse/env/lib/python3.11/site-packages/django/contrib/sites/shortcuts.py", line 16, in get_current_site
    return Site.objects.get_current(request)
           ^^^^^^^^^^^^^^^^^^^^^^^^^^^^^^^^^
  File "/home/shadowcode/Bureau/mangaverse/env/lib/python3.11/site-packages/django/contrib/sites/models.py", line 59, in get_current
    return self._get_site_by_id(site_id)
           ^^^^^^^^^^^^^^^^^^^^^^^^^^^^^
  File "/home/shadowcode/Bureau/mangaverse/env/lib/python3.11/site-packages/django/contrib/sites/models.py", line 30, in _get_site_by_id
    site = self.get(pk=site_id)
           ^^^^^^^^^^^^^^^^^^^^
  File "/home/shadowcode/Bureau/mangaverse/env/lib/python3.11/site-packages/django/db/models/manager.py", line 87, in manager_method
    return getattr(self.get_queryset(), name)(*args, **kwargs)
           ^^^^^^^^^^^^^^^^^^^^^^^^^^^^^^^^^^^^^^^^^^^^^^^^^^^
  File "/home/shadowcode/Bureau/mangaverse/env/lib/python3.11/site-packages/django/db/models/query.py", line 645, in get
    num = len(clone)
          ^^^^^^^^^^
  File "/home/shadowcode/Bureau/mangaverse/env/lib/python3.11/site-packages/django/db/models/query.py", line 382, in __len__
    self._fetch_all()
  File "/home/shadowcode/Bureau/mangaverse/env/lib/python3.11/site-packages/django/db/models/query.py", line 1928, in _fetch_all
    self._result_cache = list(self._iterable_class(self))
                         ^^^^^^^^^^^^^^^^^^^^^^^^^^^^^^^^
  File "/home/shadowcode/Bureau/mangaverse/env/lib/python3.11/site-packages/django/db/models/query.py", line 91, in __iter__
    results = compiler.execute_sql(
              ^^^^^^^^^^^^^^^^^^^^^
  File "/home/shadowcode/Bureau/mangaverse/env/lib/python3.11/site-packages/django/db/models/sql/compiler.py", line 1562, in execute_sql
    cursor.execute(sql, params)
  File "/home/shadowcode/Bureau/mangaverse/env/lib/python3.11/site-packages/debug_toolbar/panels/sql/tracking.py", line 231, in execute
    return self._record(super().execute, sql, params)
           ^^^^^^^^^^^^^^^^^^^^^^^^^^^^^^^^^^^^^^^^^^
  File "/home/shadowcode/Bureau/mangaverse/env/lib/python3.11/site-packages/debug_toolbar/panels/sql/tracking.py", line 157, in _record
    return method(sql, params)
           ^^^^^^^^^^^^^^^^^^^
  File "/home/shadowcode/Bureau/mangaverse/env/lib/python3.11/site-packages/django/db/backends/utils.py", line 122, in execute
    return super().execute(sql, params)
           ^^^^^^^^^^^^^^^^^^^^^^^^^^^^
  File "/home/shadowcode/Bureau/mangaverse/env/lib/python3.11/site-packages/django/db/backends/utils.py", line 79, in execute
    return self._execute_with_wrappers(
           ^^^^^^^^^^^^^^^^^^^^^^^^^^^^
  File "/home/shadowcode/Bureau/mangaverse/env/lib/python3.11/site-packages/django/db/backends/utils.py", line 92, in _execute_with_wrappers
    return executor(sql, params, many, context)
           ^^^^^^^^^^^^^^^^^^^^^^^^^^^^^^^^^^^^
  File "/home/shadowcode/Bureau/mangaverse/env/lib/python3.11/site-packages/django/db/backends/utils.py", line 100, in _execute
    with self.db.wrap_database_errors:
  File "/home/shadowcode/Bureau/mangaverse/env/lib/python3.11/site-packages/django/db/utils.py", line 91, in __exit__
    raise dj_exc_value.with_traceback(traceback) from exc_value
  File "/home/shadowcode/Bureau/mangaverse/env/lib/python3.11/site-packages/django/db/backends/utils.py", line 105, in _execute
    return self.cursor.execute(sql, params)
           ^^^^^^^^^^^^^^^^^^^^^^^^^^^^^^^^
django.db.utils.ProgrammingError: ERREUR:  la relation « django_site » n'existe pas
LINE 1: ..."django_site"."domain", "django_site"."name" FROM "django_si...
                                                             ^

ERROR 2026-01-20 17:45:36,826 log 18671 140179466610368 Internal Server Error: /admin/login/
Traceback (most recent call last):
  File "/home/shadowcode/Bureau/mangaverse/env/lib/python3.11/site-packages/django/db/backends/utils.py", line 105, in _execute
    return self.cursor.execute(sql, params)
           ^^^^^^^^^^^^^^^^^^^^^^^^^^^^^^^^
psycopg2.errors.UndefinedTable: ERREUR:  la relation « django_site » n'existe pas
LINE 1: ..."django_site"."domain", "django_site"."name" FROM "django_si...
                                                             ^


The above exception was the direct cause of the following exception:

Traceback (most recent call last):
  File "/home/shadowcode/Bureau/mangaverse/env/lib/python3.11/site-packages/django/core/handlers/exception.py", line 55, in inner
    response = get_response(request)
               ^^^^^^^^^^^^^^^^^^^^^
  File "/home/shadowcode/Bureau/mangaverse/env/lib/python3.11/site-packages/django/core/handlers/base.py", line 197, in _get_response
    response = wrapped_callback(request, *callback_args, **callback_kwargs)
               ^^^^^^^^^^^^^^^^^^^^^^^^^^^^^^^^^^^^^^^^^^^^^^^^^^^^^^^^^^^^
  File "/home/shadowcode/Bureau/mangaverse/env/lib/python3.11/site-packages/django/utils/decorators.py", line 48, in _wrapper
    return bound_method(*args, **kwargs)
           ^^^^^^^^^^^^^^^^^^^^^^^^^^^^^
  File "/home/shadowcode/Bureau/mangaverse/env/lib/python3.11/site-packages/django/views/decorators/cache.py", line 80, in _view_wrapper
    response = view_func(request, *args, **kwargs)
               ^^^^^^^^^^^^^^^^^^^^^^^^^^^^^^^^^^^
  File "/home/shadowcode/Bureau/mangaverse/env/lib/python3.11/site-packages/django/contrib/admin/sites.py", line 440, in login
    return LoginView.as_view(**defaults)(request)
           ^^^^^^^^^^^^^^^^^^^^^^^^^^^^^^^^^^^^^^
  File "/home/shadowcode/Bureau/mangaverse/env/lib/python3.11/site-packages/django/views/generic/base.py", line 104, in view
    return self.dispatch(request, *args, **kwargs)
           ^^^^^^^^^^^^^^^^^^^^^^^^^^^^^^^^^^^^^^^
  File "/home/shadowcode/Bureau/mangaverse/env/lib/python3.11/site-packages/django/utils/decorators.py", line 48, in _wrapper
    return bound_method(*args, **kwargs)
           ^^^^^^^^^^^^^^^^^^^^^^^^^^^^^
  File "/home/shadowcode/Bureau/mangaverse/env/lib/python3.11/site-packages/django/views/decorators/debug.py", line 143, in sensitive_post_parameters_wrapper
    return view(request, *args, **kwargs)
           ^^^^^^^^^^^^^^^^^^^^^^^^^^^^^^
  File "/home/shadowcode/Bureau/mangaverse/env/lib/python3.11/site-packages/django/utils/decorators.py", line 48, in _wrapper
    return bound_method(*args, **kwargs)
           ^^^^^^^^^^^^^^^^^^^^^^^^^^^^^
  File "/home/shadowcode/Bureau/mangaverse/env/lib/python3.11/site-packages/django/utils/decorators.py", line 188, in _view_wrapper
    result = _process_exception(request, e)
             ^^^^^^^^^^^^^^^^^^^^^^^^^^^^^^
  File "/home/shadowcode/Bureau/mangaverse/env/lib/python3.11/site-packages/django/utils/decorators.py", line 186, in _view_wrapper
    response = view_func(request, *args, **kwargs)
               ^^^^^^^^^^^^^^^^^^^^^^^^^^^^^^^^^^^
  File "/home/shadowcode/Bureau/mangaverse/env/lib/python3.11/site-packages/django/utils/decorators.py", line 48, in _wrapper
    return bound_method(*args, **kwargs)
           ^^^^^^^^^^^^^^^^^^^^^^^^^^^^^
  File "/home/shadowcode/Bureau/mangaverse/env/lib/python3.11/site-packages/django/views/decorators/cache.py", line 80, in _view_wrapper
    response = view_func(request, *args, **kwargs)
               ^^^^^^^^^^^^^^^^^^^^^^^^^^^^^^^^^^^
  File "/home/shadowcode/Bureau/mangaverse/env/lib/python3.11/site-packages/django/contrib/auth/views.py", line 88, in dispatch
    return super().dispatch(request, *args, **kwargs)
           ^^^^^^^^^^^^^^^^^^^^^^^^^^^^^^^^^^^^^^^^^^
  File "/home/shadowcode/Bureau/mangaverse/env/lib/python3.11/site-packages/django/views/generic/base.py", line 143, in dispatch
    return handler(request, *args, **kwargs)
           ^^^^^^^^^^^^^^^^^^^^^^^^^^^^^^^^^
  File "/home/shadowcode/Bureau/mangaverse/env/lib/python3.11/site-packages/django/views/generic/edit.py", line 142, in get
    return self.render_to_response(self.get_context_data())
                                   ^^^^^^^^^^^^^^^^^^^^^^^
  File "/home/shadowcode/Bureau/mangaverse/env/lib/python3.11/site-packages/django/contrib/auth/views.py", line 112, in get_context_data
    current_site = get_current_site(self.request)
                   ^^^^^^^^^^^^^^^^^^^^^^^^^^^^^^
  File "/home/shadowcode/Bureau/mangaverse/env/lib/python3.11/site-packages/django/contrib/sites/shortcuts.py", line 16, in get_current_site
    return Site.objects.get_current(request)
           ^^^^^^^^^^^^^^^^^^^^^^^^^^^^^^^^^
  File "/home/shadowcode/Bureau/mangaverse/env/lib/python3.11/site-packages/django/contrib/sites/models.py", line 59, in get_current
    return self._get_site_by_id(site_id)
           ^^^^^^^^^^^^^^^^^^^^^^^^^^^^^
  File "/home/shadowcode/Bureau/mangaverse/env/lib/python3.11/site-packages/django/contrib/sites/models.py", line 30, in _get_site_by_id
    site = self.get(pk=site_id)
           ^^^^^^^^^^^^^^^^^^^^
  File "/home/shadowcode/Bureau/mangaverse/env/lib/python3.11/site-packages/django/db/models/manager.py", line 87, in manager_method
    return getattr(self.get_queryset(), name)(*args, **kwargs)
           ^^^^^^^^^^^^^^^^^^^^^^^^^^^^^^^^^^^^^^^^^^^^^^^^^^^
  File "/home/shadowcode/Bureau/mangaverse/env/lib/python3.11/site-packages/django/db/models/query.py", line 645, in get
    num = len(clone)
          ^^^^^^^^^^
  File "/home/shadowcode/Bureau/mangaverse/env/lib/python3.11/site-packages/django/db/models/query.py", line 382, in __len__
    self._fetch_all()
  File "/home/shadowcode/Bureau/mangaverse/env/lib/python3.11/site-packages/django/db/models/query.py", line 1928, in _fetch_all
    self._result_cache = list(self._iterable_class(self))
                         ^^^^^^^^^^^^^^^^^^^^^^^^^^^^^^^^
  File "/home/shadowcode/Bureau/mangaverse/env/lib/python3.11/site-packages/django/db/models/query.py", line 91, in __iter__
    results = compiler.execute_sql(
              ^^^^^^^^^^^^^^^^^^^^^
  File "/home/shadowcode/Bureau/mangaverse/env/lib/python3.11/site-packages/django/db/models/sql/compiler.py", line 1562, in execute_sql
    cursor.execute(sql, params)
  File "/home/shadowcode/Bureau/mangaverse/env/lib/python3.11/site-packages/debug_toolbar/panels/sql/tracking.py", line 231, in execute
    return self._record(super().execute, sql, params)
           ^^^^^^^^^^^^^^^^^^^^^^^^^^^^^^^^^^^^^^^^^^
  File "/home/shadowcode/Bureau/mangaverse/env/lib/python3.11/site-packages/debug_toolbar/panels/sql/tracking.py", line 157, in _record
    return method(sql, params)
           ^^^^^^^^^^^^^^^^^^^
  File "/home/shadowcode/Bureau/mangaverse/env/lib/python3.11/site-packages/django/db/backends/utils.py", line 122, in execute
    return super().execute(sql, params)
           ^^^^^^^^^^^^^^^^^^^^^^^^^^^^
  File "/home/shadowcode/Bureau/mangaverse/env/lib/python3.11/site-packages/django/db/backends/utils.py", line 79, in execute
    return self._execute_with_wrappers(
           ^^^^^^^^^^^^^^^^^^^^^^^^^^^^
  File "/home/shadowcode/Bureau/mangaverse/env/lib/python3.11/site-packages/django/db/backends/utils.py", line 92, in _execute_with_wrappers
    return executor(sql, params, many, context)
           ^^^^^^^^^^^^^^^^^^^^^^^^^^^^^^^^^^^^
  File "/home/shadowcode/Bureau/mangaverse/env/lib/python3.11/site-packages/django/db/backends/utils.py", line 100, in _execute
    with self.db.wrap_database_errors:
  File "/home/shadowcode/Bureau/mangaverse/env/lib/python3.11/site-packages/django/db/utils.py", line 91, in __exit__
    raise dj_exc_value.with_traceback(traceback) from exc_value
  File "/home/shadowcode/Bureau/mangaverse/env/lib/python3.11/site-packages/django/db/backends/utils.py", line 105, in _execute
    return self.cursor.execute(sql, params)
           ^^^^^^^^^^^^^^^^^^^^^^^^^^^^^^^^
django.db.utils.ProgrammingError: ERREUR:  la relation « django_site » n'existe pas
LINE 1: ..."django_site"."domain", "django_site"."name" FROM "django_si...
                                                             ^

ERROR 2026-01-20 17:57:18,252 log 23185 140371645593280 Internal Server Error: /api/v1/schema/
Traceback (most recent call last):
  File "/home/shadowcode/Bureau/mangaverse/env/lib/python3.11/site-packages/django/utils/module_loading.py", line 30, in import_string
    return cached_import(module_path, class_name)
           ^^^^^^^^^^^^^^^^^^^^^^^^^^^^^^^^^^^^^^
  File "/home/shadowcode/Bureau/mangaverse/env/lib/python3.11/site-packages/django/utils/module_loading.py", line 16, in cached_import
    return getattr(module, class_name)
           ^^^^^^^^^^^^^^^^^^^^^^^^^^^
AttributeError: module 'redis.connection' has no attribute 'HiredisParser'

The above exception was the direct cause of the following exception:

Traceback (most recent call last):
  File "/home/shadowcode/Bureau/mangaverse/env/lib/python3.11/site-packages/rest_framework/views.py", line 503, in dispatch
    self.initial(request, *args, **kwargs)
  File "/home/shadowcode/Bureau/mangaverse/env/lib/python3.11/site-packages/rest_framework/views.py", line 422, in initial
    self.check_throttles(request)
  File "/home/shadowcode/Bureau/mangaverse/env/lib/python3.11/site-packages/rest_framework/views.py", line 365, in check_throttles
    if not throttle.allow_request(request, self):
           ^^^^^^^^^^^^^^^^^^^^^^^^^^^^^^^^^^^^^
  File "/home/shadowcode/Bureau/mangaverse/env/lib/python3.11/site-packages/rest_framework/throttling.py", line 123, in allow_request
    self.history = self.cache.get(self.key, [])
                   ^^^^^^^^^^^^^^^^^^^^^^^^^^^^
  File "/home/shadowcode/Bureau/mangaverse/env/lib/python3.11/site-packages/debug_toolbar/panels/cache.py", line 42, in wrapper
    return panel._record_call(cache, name, original_method, args, kwargs)
           ^^^^^^^^^^^^^^^^^^^^^^^^^^^^^^^^^^^^^^^^^^^^^^^^^^^^^^^^^^^^^^
  File "/home/shadowcode/Bureau/mangaverse/env/lib/python3.11/site-packages/debug_toolbar/panels/cache.py", line 151, in _record_call
    value = original_method(*args, **kwargs)
            ^^^^^^^^^^^^^^^^^^^^^^^^^^^^^^^^
  File "/home/shadowcode/Bureau/mangaverse/env/lib/python3.11/site-packages/django_redis/cache.py", line 92, in get
    value = self._get(key, default, version, client)
            ^^^^^^^^^^^^^^^^^^^^^^^^^^^^^^^^^^^^^^^^
  File "/home/shadowcode/Bureau/mangaverse/env/lib/python3.11/site-packages/django_redis/cache.py", line 29, in _decorator
    return method(self, *args, **kwargs)
           ^^^^^^^^^^^^^^^^^^^^^^^^^^^^^
  File "/home/shadowcode/Bureau/mangaverse/env/lib/python3.11/site-packages/django_redis/cache.py", line 99, in _get
    return self.client.get(key, default=default, version=version, client=client)
           ^^^^^^^^^^^^^^^^^^^^^^^^^^^^^^^^^^^^^^^^^^^^^^^^^^^^^^^^^^^^^^^^^^^^^
  File "/home/shadowcode/Bureau/mangaverse/env/lib/python3.11/site-packages/django_redis/client/default.py", line 293, in get
    client = self.get_client(write=False)
             ^^^^^^^^^^^^^^^^^^^^^^^^^^^^
  File "/home/shadowcode/Bureau/mangaverse/env/lib/python3.11/site-packages/django_redis/client/default.py", line 128, in get_client
    self._clients[index] = self.connect(index)
                           ^^^^^^^^^^^^^^^^^^^
  File "/home/shadowcode/Bureau/mangaverse/env/lib/python3.11/site-packages/django_redis/client/default.py", line 157, in connect
    return self.connection_factory.connect(self._server[index])
           ^^^^^^^^^^^^^^^^^^^^^^^^^^^^^^^^^^^^^^^^^^^^^^^^^^^^
  File "/home/shadowcode/Bureau/mangaverse/env/lib/python3.11/site-packages/django_redis/pool.py", line 69, in connect
    params = self.make_connection_params(url)
             ^^^^^^^^^^^^^^^^^^^^^^^^^^^^^^^^
  File "/home/shadowcode/Bureau/mangaverse/env/lib/python3.11/site-packages/django_redis/pool.py", line 41, in make_connection_params
    "parser_class": self.get_parser_cls(),
                    ^^^^^^^^^^^^^^^^^^^^^
  File "/home/shadowcode/Bureau/mangaverse/env/lib/python3.11/site-packages/django_redis/pool.py", line 97, in get_parser_cls
    return import_string(cls)
           ^^^^^^^^^^^^^^^^^^
  File "/home/shadowcode/Bureau/mangaverse/env/lib/python3.11/site-packages/django/utils/module_loading.py", line 32, in import_string
    raise ImportError(
ImportError: Module "redis.connection" does not define a "HiredisParser" attribute/class

During handling of the above exception, another exception occurred:

Traceback (most recent call last):
  File "/home/shadowcode/Bureau/mangaverse/env/lib/python3.11/site-packages/rest_framework/settings.py", line 179, in import_from_string
    return import_string(val)
           ^^^^^^^^^^^^^^^^^^
  File "/home/shadowcode/Bureau/mangaverse/env/lib/python3.11/site-packages/django/utils/module_loading.py", line 30, in import_string
    return cached_import(module_path, class_name)
           ^^^^^^^^^^^^^^^^^^^^^^^^^^^^^^^^^^^^^^
  File "/home/shadowcode/Bureau/mangaverse/env/lib/python3.11/site-packages/django/utils/module_loading.py", line 15, in cached_import
    module = import_module(module_path)
             ^^^^^^^^^^^^^^^^^^^^^^^^^^
  File "/usr/lib/python3.11/importlib/__init__.py", line 126, in import_module
    return _bootstrap._gcd_import(name[level:], package, level)
           ^^^^^^^^^^^^^^^^^^^^^^^^^^^^^^^^^^^^^^^^^^^^^^^^^^^^
  File "<frozen importlib._bootstrap>", line 1206, in _gcd_import
  File "<frozen importlib._bootstrap>", line 1178, in _find_and_load
  File "<frozen importlib._bootstrap>", line 1142, in _find_and_load_unlocked
ModuleNotFoundError: No module named 'apps.core.utils'

During handling of the above exception, another exception occurred:

Traceback (most recent call last):
  File "/home/shadowcode/Bureau/mangaverse/env/lib/python3.11/site-packages/django/core/handlers/exception.py", line 55, in inner
    response = get_response(request)
               ^^^^^^^^^^^^^^^^^^^^^
  File "/home/shadowcode/Bureau/mangaverse/env/lib/python3.11/site-packages/django/core/handlers/base.py", line 197, in _get_response
    response = wrapped_callback(request, *callback_args, **callback_kwargs)
               ^^^^^^^^^^^^^^^^^^^^^^^^^^^^^^^^^^^^^^^^^^^^^^^^^^^^^^^^^^^^
  File "/home/shadowcode/Bureau/mangaverse/env/lib/python3.11/site-packages/django/views/decorators/csrf.py", line 65, in _view_wrapper
    return view_func(request, *args, **kwargs)
           ^^^^^^^^^^^^^^^^^^^^^^^^^^^^^^^^^^^
  File "/home/shadowcode/Bureau/mangaverse/env/lib/python3.11/site-packages/django/views/generic/base.py", line 104, in view
    return self.dispatch(request, *args, **kwargs)
           ^^^^^^^^^^^^^^^^^^^^^^^^^^^^^^^^^^^^^^^
  File "/home/shadowcode/Bureau/mangaverse/env/lib/python3.11/site-packages/rest_framework/views.py", line 515, in dispatch
    response = self.handle_exception(exc)
               ^^^^^^^^^^^^^^^^^^^^^^^^^^
  File "/home/shadowcode/Bureau/mangaverse/env/lib/python3.11/site-packages/rest_framework/views.py", line 469, in handle_exception
    exception_handler = self.get_exception_handler()
                        ^^^^^^^^^^^^^^^^^^^^^^^^^^^^
  File "/home/shadowcode/Bureau/mangaverse/env/lib/python3.11/site-packages/rest_framework/views.py", line 304, in get_exception_handler
    return self.settings.EXCEPTION_HANDLER
           ^^^^^^^^^^^^^^^^^^^^^^^^^^^^^^^
  File "/home/shadowcode/Bureau/mangaverse/env/lib/python3.11/site-packages/rest_framework/settings.py", line 227, in __getattr__
    val = perform_import(val, attr)
          ^^^^^^^^^^^^^^^^^^^^^^^^^
  File "/home/shadowcode/Bureau/mangaverse/env/lib/python3.11/site-packages/rest_framework/settings.py", line 168, in perform_import
    return import_from_string(val, setting_name)
           ^^^^^^^^^^^^^^^^^^^^^^^^^^^^^^^^^^^^^
  File "/home/shadowcode/Bureau/mangaverse/env/lib/python3.11/site-packages/rest_framework/settings.py", line 182, in import_from_string
    raise ImportError(msg)
ImportError: Could not import 'apps.core.utils.custom_exception_handler' for API setting 'EXCEPTION_HANDLER'. ModuleNotFoundError: No module named 'apps.core.utils'.
ERROR 2026-01-20 17:59:39,456 log 23185 140371666572992 Internal Server Error: /api/v1/docs/
Traceback (most recent call last):
  File "/home/shadowcode/Bureau/mangaverse/env/lib/python3.11/site-packages/django/utils/module_loading.py", line 30, in import_string
    return cached_import(module_path, class_name)
           ^^^^^^^^^^^^^^^^^^^^^^^^^^^^^^^^^^^^^^
  File "/home/shadowcode/Bureau/mangaverse/env/lib/python3.11/site-packages/django/utils/module_loading.py", line 16, in cached_import
    return getattr(module, class_name)
           ^^^^^^^^^^^^^^^^^^^^^^^^^^^
AttributeError: module 'redis.connection' has no attribute 'HiredisParser'

The above exception was the direct cause of the following exception:

Traceback (most recent call last):
  File "/home/shadowcode/Bureau/mangaverse/env/lib/python3.11/site-packages/rest_framework/views.py", line 503, in dispatch
    self.initial(request, *args, **kwargs)
  File "/home/shadowcode/Bureau/mangaverse/env/lib/python3.11/site-packages/rest_framework/views.py", line 422, in initial
    self.check_throttles(request)
  File "/home/shadowcode/Bureau/mangaverse/env/lib/python3.11/site-packages/rest_framework/views.py", line 365, in check_throttles
    if not throttle.allow_request(request, self):
           ^^^^^^^^^^^^^^^^^^^^^^^^^^^^^^^^^^^^^
  File "/home/shadowcode/Bureau/mangaverse/env/lib/python3.11/site-packages/rest_framework/throttling.py", line 123, in allow_request
    self.history = self.cache.get(self.key, [])
                   ^^^^^^^^^^^^^^^^^^^^^^^^^^^^
  File "/home/shadowcode/Bureau/mangaverse/env/lib/python3.11/site-packages/debug_toolbar/panels/cache.py", line 42, in wrapper
    return panel._record_call(cache, name, original_method, args, kwargs)
           ^^^^^^^^^^^^^^^^^^^^^^^^^^^^^^^^^^^^^^^^^^^^^^^^^^^^^^^^^^^^^^
  File "/home/shadowcode/Bureau/mangaverse/env/lib/python3.11/site-packages/debug_toolbar/panels/cache.py", line 151, in _record_call
    value = original_method(*args, **kwargs)
            ^^^^^^^^^^^^^^^^^^^^^^^^^^^^^^^^
  File "/home/shadowcode/Bureau/mangaverse/env/lib/python3.11/site-packages/django_redis/cache.py", line 92, in get
    value = self._get(key, default, version, client)
            ^^^^^^^^^^^^^^^^^^^^^^^^^^^^^^^^^^^^^^^^
  File "/home/shadowcode/Bureau/mangaverse/env/lib/python3.11/site-packages/django_redis/cache.py", line 29, in _decorator
    return method(self, *args, **kwargs)
           ^^^^^^^^^^^^^^^^^^^^^^^^^^^^^
  File "/home/shadowcode/Bureau/mangaverse/env/lib/python3.11/site-packages/django_redis/cache.py", line 99, in _get
    return self.client.get(key, default=default, version=version, client=client)
           ^^^^^^^^^^^^^^^^^^^^^^^^^^^^^^^^^^^^^^^^^^^^^^^^^^^^^^^^^^^^^^^^^^^^^
  File "/home/shadowcode/Bureau/mangaverse/env/lib/python3.11/site-packages/django_redis/client/default.py", line 293, in get
    client = self.get_client(write=False)
             ^^^^^^^^^^^^^^^^^^^^^^^^^^^^
  File "/home/shadowcode/Bureau/mangaverse/env/lib/python3.11/site-packages/django_redis/client/default.py", line 128, in get_client
    self._clients[index] = self.connect(index)
                           ^^^^^^^^^^^^^^^^^^^
  File "/home/shadowcode/Bureau/mangaverse/env/lib/python3.11/site-packages/django_redis/client/default.py", line 157, in connect
    return self.connection_factory.connect(self._server[index])
           ^^^^^^^^^^^^^^^^^^^^^^^^^^^^^^^^^^^^^^^^^^^^^^^^^^^^
  File "/home/shadowcode/Bureau/mangaverse/env/lib/python3.11/site-packages/django_redis/pool.py", line 69, in connect
    params = self.make_connection_params(url)
             ^^^^^^^^^^^^^^^^^^^^^^^^^^^^^^^^
  File "/home/shadowcode/Bureau/mangaverse/env/lib/python3.11/site-packages/django_redis/pool.py", line 41, in make_connection_params
    "parser_class": self.get_parser_cls(),
                    ^^^^^^^^^^^^^^^^^^^^^
  File "/home/shadowcode/Bureau/mangaverse/env/lib/python3.11/site-packages/django_redis/pool.py", line 97, in get_parser_cls
    return import_string(cls)
           ^^^^^^^^^^^^^^^^^^
  File "/home/shadowcode/Bureau/mangaverse/env/lib/python3.11/site-packages/django/utils/module_loading.py", line 32, in import_string
    raise ImportError(
ImportError: Module "redis.connection" does not define a "HiredisParser" attribute/class

During handling of the above exception, another exception occurred:

Traceback (most recent call last):
  File "/home/shadowcode/Bureau/mangaverse/env/lib/python3.11/site-packages/rest_framework/settings.py", line 179, in import_from_string
    return import_string(val)
           ^^^^^^^^^^^^^^^^^^
  File "/home/shadowcode/Bureau/mangaverse/env/lib/python3.11/site-packages/django/utils/module_loading.py", line 30, in import_string
    return cached_import(module_path, class_name)
           ^^^^^^^^^^^^^^^^^^^^^^^^^^^^^^^^^^^^^^
  File "/home/shadowcode/Bureau/mangaverse/env/lib/python3.11/site-packages/django/utils/module_loading.py", line 15, in cached_import
    module = import_module(module_path)
             ^^^^^^^^^^^^^^^^^^^^^^^^^^
  File "/usr/lib/python3.11/importlib/__init__.py", line 126, in import_module
    return _bootstrap._gcd_import(name[level:], package, level)
           ^^^^^^^^^^^^^^^^^^^^^^^^^^^^^^^^^^^^^^^^^^^^^^^^^^^^
  File "<frozen importlib._bootstrap>", line 1206, in _gcd_import
  File "<frozen importlib._bootstrap>", line 1178, in _find_and_load
  File "<frozen importlib._bootstrap>", line 1142, in _find_and_load_unlocked
ModuleNotFoundError: No module named 'apps.core.utils'

During handling of the above exception, another exception occurred:

Traceback (most recent call last):
  File "/home/shadowcode/Bureau/mangaverse/env/lib/python3.11/site-packages/django/core/handlers/exception.py", line 55, in inner
    response = get_response(request)
               ^^^^^^^^^^^^^^^^^^^^^
  File "/home/shadowcode/Bureau/mangaverse/env/lib/python3.11/site-packages/django/core/handlers/base.py", line 197, in _get_response
    response = wrapped_callback(request, *callback_args, **callback_kwargs)
               ^^^^^^^^^^^^^^^^^^^^^^^^^^^^^^^^^^^^^^^^^^^^^^^^^^^^^^^^^^^^
  File "/home/shadowcode/Bureau/mangaverse/env/lib/python3.11/site-packages/django/views/decorators/csrf.py", line 65, in _view_wrapper
    return view_func(request, *args, **kwargs)
           ^^^^^^^^^^^^^^^^^^^^^^^^^^^^^^^^^^^
  File "/home/shadowcode/Bureau/mangaverse/env/lib/python3.11/site-packages/django/views/generic/base.py", line 104, in view
    return self.dispatch(request, *args, **kwargs)
           ^^^^^^^^^^^^^^^^^^^^^^^^^^^^^^^^^^^^^^^
  File "/home/shadowcode/Bureau/mangaverse/env/lib/python3.11/site-packages/rest_framework/views.py", line 515, in dispatch
    response = self.handle_exception(exc)
               ^^^^^^^^^^^^^^^^^^^^^^^^^^
  File "/home/shadowcode/Bureau/mangaverse/env/lib/python3.11/site-packages/rest_framework/views.py", line 469, in handle_exception
    exception_handler = self.get_exception_handler()
                        ^^^^^^^^^^^^^^^^^^^^^^^^^^^^
  File "/home/shadowcode/Bureau/mangaverse/env/lib/python3.11/site-packages/rest_framework/views.py", line 304, in get_exception_handler
    return self.settings.EXCEPTION_HANDLER
           ^^^^^^^^^^^^^^^^^^^^^^^^^^^^^^^
  File "/home/shadowcode/Bureau/mangaverse/env/lib/python3.11/site-packages/rest_framework/settings.py", line 227, in __getattr__
    val = perform_import(val, attr)
          ^^^^^^^^^^^^^^^^^^^^^^^^^
  File "/home/shadowcode/Bureau/mangaverse/env/lib/python3.11/site-packages/rest_framework/settings.py", line 168, in perform_import
    return import_from_string(val, setting_name)
           ^^^^^^^^^^^^^^^^^^^^^^^^^^^^^^^^^^^^^
  File "/home/shadowcode/Bureau/mangaverse/env/lib/python3.11/site-packages/rest_framework/settings.py", line 182, in import_from_string
    raise ImportError(msg)
ImportError: Could not import 'apps.core.utils.custom_exception_handler' for API setting 'EXCEPTION_HANDLER'. ModuleNotFoundError: No module named 'apps.core.utils'.
ERROR 2026-01-20 18:00:00,193 log 23185 140371666572992 Internal Server Error: /api/v1/schema/
Traceback (most recent call last):
  File "/home/shadowcode/Bureau/mangaverse/env/lib/python3.11/site-packages/django/utils/module_loading.py", line 30, in import_string
    return cached_import(module_path, class_name)
           ^^^^^^^^^^^^^^^^^^^^^^^^^^^^^^^^^^^^^^
  File "/home/shadowcode/Bureau/mangaverse/env/lib/python3.11/site-packages/django/utils/module_loading.py", line 16, in cached_import
    return getattr(module, class_name)
           ^^^^^^^^^^^^^^^^^^^^^^^^^^^
AttributeError: module 'redis.connection' has no attribute 'HiredisParser'

The above exception was the direct cause of the following exception:

Traceback (most recent call last):
  File "/home/shadowcode/Bureau/mangaverse/env/lib/python3.11/site-packages/rest_framework/views.py", line 503, in dispatch
    self.initial(request, *args, **kwargs)
  File "/home/shadowcode/Bureau/mangaverse/env/lib/python3.11/site-packages/rest_framework/views.py", line 422, in initial
    self.check_throttles(request)
  File "/home/shadowcode/Bureau/mangaverse/env/lib/python3.11/site-packages/rest_framework/views.py", line 365, in check_throttles
    if not throttle.allow_request(request, self):
           ^^^^^^^^^^^^^^^^^^^^^^^^^^^^^^^^^^^^^
  File "/home/shadowcode/Bureau/mangaverse/env/lib/python3.11/site-packages/rest_framework/throttling.py", line 123, in allow_request
    self.history = self.cache.get(self.key, [])
                   ^^^^^^^^^^^^^^^^^^^^^^^^^^^^
  File "/home/shadowcode/Bureau/mangaverse/env/lib/python3.11/site-packages/debug_toolbar/panels/cache.py", line 42, in wrapper
    return panel._record_call(cache, name, original_method, args, kwargs)
           ^^^^^^^^^^^^^^^^^^^^^^^^^^^^^^^^^^^^^^^^^^^^^^^^^^^^^^^^^^^^^^
  File "/home/shadowcode/Bureau/mangaverse/env/lib/python3.11/site-packages/debug_toolbar/panels/cache.py", line 151, in _record_call
    value = original_method(*args, **kwargs)
            ^^^^^^^^^^^^^^^^^^^^^^^^^^^^^^^^
  File "/home/shadowcode/Bureau/mangaverse/env/lib/python3.11/site-packages/django_redis/cache.py", line 92, in get
    value = self._get(key, default, version, client)
            ^^^^^^^^^^^^^^^^^^^^^^^^^^^^^^^^^^^^^^^^
  File "/home/shadowcode/Bureau/mangaverse/env/lib/python3.11/site-packages/django_redis/cache.py", line 29, in _decorator
    return method(self, *args, **kwargs)
           ^^^^^^^^^^^^^^^^^^^^^^^^^^^^^
  File "/home/shadowcode/Bureau/mangaverse/env/lib/python3.11/site-packages/django_redis/cache.py", line 99, in _get
    return self.client.get(key, default=default, version=version, client=client)
           ^^^^^^^^^^^^^^^^^^^^^^^^^^^^^^^^^^^^^^^^^^^^^^^^^^^^^^^^^^^^^^^^^^^^^
  File "/home/shadowcode/Bureau/mangaverse/env/lib/python3.11/site-packages/django_redis/client/default.py", line 293, in get
    client = self.get_client(write=False)
             ^^^^^^^^^^^^^^^^^^^^^^^^^^^^
  File "/home/shadowcode/Bureau/mangaverse/env/lib/python3.11/site-packages/django_redis/client/default.py", line 128, in get_client
    self._clients[index] = self.connect(index)
                           ^^^^^^^^^^^^^^^^^^^
  File "/home/shadowcode/Bureau/mangaverse/env/lib/python3.11/site-packages/django_redis/client/default.py", line 157, in connect
    return self.connection_factory.connect(self._server[index])
           ^^^^^^^^^^^^^^^^^^^^^^^^^^^^^^^^^^^^^^^^^^^^^^^^^^^^
  File "/home/shadowcode/Bureau/mangaverse/env/lib/python3.11/site-packages/django_redis/pool.py", line 69, in connect
    params = self.make_connection_params(url)
             ^^^^^^^^^^^^^^^^^^^^^^^^^^^^^^^^
  File "/home/shadowcode/Bureau/mangaverse/env/lib/python3.11/site-packages/django_redis/pool.py", line 41, in make_connection_params
    "parser_class": self.get_parser_cls(),
                    ^^^^^^^^^^^^^^^^^^^^^
  File "/home/shadowcode/Bureau/mangaverse/env/lib/python3.11/site-packages/django_redis/pool.py", line 97, in get_parser_cls
    return import_string(cls)
           ^^^^^^^^^^^^^^^^^^
  File "/home/shadowcode/Bureau/mangaverse/env/lib/python3.11/site-packages/django/utils/module_loading.py", line 32, in import_string
    raise ImportError(
ImportError: Module "redis.connection" does not define a "HiredisParser" attribute/class

During handling of the above exception, another exception occurred:

Traceback (most recent call last):
  File "/home/shadowcode/Bureau/mangaverse/env/lib/python3.11/site-packages/rest_framework/settings.py", line 179, in import_from_string
    return import_string(val)
           ^^^^^^^^^^^^^^^^^^
  File "/home/shadowcode/Bureau/mangaverse/env/lib/python3.11/site-packages/django/utils/module_loading.py", line 30, in import_string
    return cached_import(module_path, class_name)
           ^^^^^^^^^^^^^^^^^^^^^^^^^^^^^^^^^^^^^^
  File "/home/shadowcode/Bureau/mangaverse/env/lib/python3.11/site-packages/django/utils/module_loading.py", line 15, in cached_import
    module = import_module(module_path)
             ^^^^^^^^^^^^^^^^^^^^^^^^^^
  File "/usr/lib/python3.11/importlib/__init__.py", line 126, in import_module
    return _bootstrap._gcd_import(name[level:], package, level)
           ^^^^^^^^^^^^^^^^^^^^^^^^^^^^^^^^^^^^^^^^^^^^^^^^^^^^
  File "<frozen importlib._bootstrap>", line 1206, in _gcd_import
  File "<frozen importlib._bootstrap>", line 1178, in _find_and_load
  File "<frozen importlib._bootstrap>", line 1142, in _find_and_load_unlocked
ModuleNotFoundError: No module named 'apps.core.utils'

During handling of the above exception, another exception occurred:

Traceback (most recent call last):
  File "/home/shadowcode/Bureau/mangaverse/env/lib/python3.11/site-packages/django/core/handlers/exception.py", line 55, in inner
    response = get_response(request)
               ^^^^^^^^^^^^^^^^^^^^^
  File "/home/shadowcode/Bureau/mangaverse/env/lib/python3.11/site-packages/django/core/handlers/base.py", line 197, in _get_response
    response = wrapped_callback(request, *callback_args, **callback_kwargs)
               ^^^^^^^^^^^^^^^^^^^^^^^^^^^^^^^^^^^^^^^^^^^^^^^^^^^^^^^^^^^^
  File "/home/shadowcode/Bureau/mangaverse/env/lib/python3.11/site-packages/django/views/decorators/csrf.py", line 65, in _view_wrapper
    return view_func(request, *args, **kwargs)
           ^^^^^^^^^^^^^^^^^^^^^^^^^^^^^^^^^^^
  File "/home/shadowcode/Bureau/mangaverse/env/lib/python3.11/site-packages/django/views/generic/base.py", line 104, in view
    return self.dispatch(request, *args, **kwargs)
           ^^^^^^^^^^^^^^^^^^^^^^^^^^^^^^^^^^^^^^^
  File "/home/shadowcode/Bureau/mangaverse/env/lib/python3.11/site-packages/rest_framework/views.py", line 515, in dispatch
    response = self.handle_exception(exc)
               ^^^^^^^^^^^^^^^^^^^^^^^^^^
  File "/home/shadowcode/Bureau/mangaverse/env/lib/python3.11/site-packages/rest_framework/views.py", line 469, in handle_exception
    exception_handler = self.get_exception_handler()
                        ^^^^^^^^^^^^^^^^^^^^^^^^^^^^
  File "/home/shadowcode/Bureau/mangaverse/env/lib/python3.11/site-packages/rest_framework/views.py", line 304, in get_exception_handler
    return self.settings.EXCEPTION_HANDLER
           ^^^^^^^^^^^^^^^^^^^^^^^^^^^^^^^
  File "/home/shadowcode/Bureau/mangaverse/env/lib/python3.11/site-packages/rest_framework/settings.py", line 227, in __getattr__
    val = perform_import(val, attr)
          ^^^^^^^^^^^^^^^^^^^^^^^^^
  File "/home/shadowcode/Bureau/mangaverse/env/lib/python3.11/site-packages/rest_framework/settings.py", line 168, in perform_import
    return import_from_string(val, setting_name)
           ^^^^^^^^^^^^^^^^^^^^^^^^^^^^^^^^^^^^^
  File "/home/shadowcode/Bureau/mangaverse/env/lib/python3.11/site-packages/rest_framework/settings.py", line 182, in import_from_string
    raise ImportError(msg)
ImportError: Could not import 'apps.core.utils.custom_exception_handler' for API setting 'EXCEPTION_HANDLER'. ModuleNotFoundError: No module named 'apps.core.utils'.
ERROR 2026-01-20 18:01:10,490 log 23185 140371666572992 Internal Server Error: /api/v1/docs/
Traceback (most recent call last):
  File "/home/shadowcode/Bureau/mangaverse/env/lib/python3.11/site-packages/django/utils/module_loading.py", line 30, in import_string
    return cached_import(module_path, class_name)
           ^^^^^^^^^^^^^^^^^^^^^^^^^^^^^^^^^^^^^^
  File "/home/shadowcode/Bureau/mangaverse/env/lib/python3.11/site-packages/django/utils/module_loading.py", line 16, in cached_import
    return getattr(module, class_name)
           ^^^^^^^^^^^^^^^^^^^^^^^^^^^
AttributeError: module 'redis.connection' has no attribute 'HiredisParser'

The above exception was the direct cause of the following exception:

Traceback (most recent call last):
  File "/home/shadowcode/Bureau/mangaverse/env/lib/python3.11/site-packages/rest_framework/views.py", line 503, in dispatch
    self.initial(request, *args, **kwargs)
  File "/home/shadowcode/Bureau/mangaverse/env/lib/python3.11/site-packages/rest_framework/views.py", line 422, in initial
    self.check_throttles(request)
  File "/home/shadowcode/Bureau/mangaverse/env/lib/python3.11/site-packages/rest_framework/views.py", line 365, in check_throttles
    if not throttle.allow_request(request, self):
           ^^^^^^^^^^^^^^^^^^^^^^^^^^^^^^^^^^^^^
  File "/home/shadowcode/Bureau/mangaverse/env/lib/python3.11/site-packages/rest_framework/throttling.py", line 123, in allow_request
    self.history = self.cache.get(self.key, [])
                   ^^^^^^^^^^^^^^^^^^^^^^^^^^^^
  File "/home/shadowcode/Bureau/mangaverse/env/lib/python3.11/site-packages/debug_toolbar/panels/cache.py", line 42, in wrapper
    return panel._record_call(cache, name, original_method, args, kwargs)
           ^^^^^^^^^^^^^^^^^^^^^^^^^^^^^^^^^^^^^^^^^^^^^^^^^^^^^^^^^^^^^^
  File "/home/shadowcode/Bureau/mangaverse/env/lib/python3.11/site-packages/debug_toolbar/panels/cache.py", line 151, in _record_call
    value = original_method(*args, **kwargs)
            ^^^^^^^^^^^^^^^^^^^^^^^^^^^^^^^^
  File "/home/shadowcode/Bureau/mangaverse/env/lib/python3.11/site-packages/django_redis/cache.py", line 92, in get
    value = self._get(key, default, version, client)
            ^^^^^^^^^^^^^^^^^^^^^^^^^^^^^^^^^^^^^^^^
  File "/home/shadowcode/Bureau/mangaverse/env/lib/python3.11/site-packages/django_redis/cache.py", line 29, in _decorator
    return method(self, *args, **kwargs)
           ^^^^^^^^^^^^^^^^^^^^^^^^^^^^^
  File "/home/shadowcode/Bureau/mangaverse/env/lib/python3.11/site-packages/django_redis/cache.py", line 99, in _get
    return self.client.get(key, default=default, version=version, client=client)
           ^^^^^^^^^^^^^^^^^^^^^^^^^^^^^^^^^^^^^^^^^^^^^^^^^^^^^^^^^^^^^^^^^^^^^
  File "/home/shadowcode/Bureau/mangaverse/env/lib/python3.11/site-packages/django_redis/client/default.py", line 293, in get
    client = self.get_client(write=False)
             ^^^^^^^^^^^^^^^^^^^^^^^^^^^^
  File "/home/shadowcode/Bureau/mangaverse/env/lib/python3.11/site-packages/django_redis/client/default.py", line 128, in get_client
    self._clients[index] = self.connect(index)
                           ^^^^^^^^^^^^^^^^^^^
  File "/home/shadowcode/Bureau/mangaverse/env/lib/python3.11/site-packages/django_redis/client/default.py", line 157, in connect
    return self.connection_factory.connect(self._server[index])
           ^^^^^^^^^^^^^^^^^^^^^^^^^^^^^^^^^^^^^^^^^^^^^^^^^^^^
  File "/home/shadowcode/Bureau/mangaverse/env/lib/python3.11/site-packages/django_redis/pool.py", line 69, in connect
    params = self.make_connection_params(url)
             ^^^^^^^^^^^^^^^^^^^^^^^^^^^^^^^^
  File "/home/shadowcode/Bureau/mangaverse/env/lib/python3.11/site-packages/django_redis/pool.py", line 41, in make_connection_params
    "parser_class": self.get_parser_cls(),
                    ^^^^^^^^^^^^^^^^^^^^^
  File "/home/shadowcode/Bureau/mangaverse/env/lib/python3.11/site-packages/django_redis/pool.py", line 97, in get_parser_cls
    return import_string(cls)
           ^^^^^^^^^^^^^^^^^^
  File "/home/shadowcode/Bureau/mangaverse/env/lib/python3.11/site-packages/django/utils/module_loading.py", line 32, in import_string
    raise ImportError(
ImportError: Module "redis.connection" does not define a "HiredisParser" attribute/class

During handling of the above exception, another exception occurred:

Traceback (most recent call last):
  File "/home/shadowcode/Bureau/mangaverse/env/lib/python3.11/site-packages/rest_framework/settings.py", line 179, in import_from_string
    return import_string(val)
           ^^^^^^^^^^^^^^^^^^
  File "/home/shadowcode/Bureau/mangaverse/env/lib/python3.11/site-packages/django/utils/module_loading.py", line 30, in import_string
    return cached_import(module_path, class_name)
           ^^^^^^^^^^^^^^^^^^^^^^^^^^^^^^^^^^^^^^
  File "/home/shadowcode/Bureau/mangaverse/env/lib/python3.11/site-packages/django/utils/module_loading.py", line 15, in cached_import
    module = import_module(module_path)
             ^^^^^^^^^^^^^^^^^^^^^^^^^^
  File "/usr/lib/python3.11/importlib/__init__.py", line 126, in import_module
    return _bootstrap._gcd_import(name[level:], package, level)
           ^^^^^^^^^^^^^^^^^^^^^^^^^^^^^^^^^^^^^^^^^^^^^^^^^^^^
  File "<frozen importlib._bootstrap>", line 1206, in _gcd_import
  File "<frozen importlib._bootstrap>", line 1178, in _find_and_load
  File "<frozen importlib._bootstrap>", line 1142, in _find_and_load_unlocked
ModuleNotFoundError: No module named 'apps.core.utils'

During handling of the above exception, another exception occurred:

Traceback (most recent call last):
  File "/home/shadowcode/Bureau/mangaverse/env/lib/python3.11/site-packages/django/core/handlers/exception.py", line 55, in inner
    response = get_response(request)
               ^^^^^^^^^^^^^^^^^^^^^
  File "/home/shadowcode/Bureau/mangaverse/env/lib/python3.11/site-packages/django/core/handlers/base.py", line 197, in _get_response
    response = wrapped_callback(request, *callback_args, **callback_kwargs)
               ^^^^^^^^^^^^^^^^^^^^^^^^^^^^^^^^^^^^^^^^^^^^^^^^^^^^^^^^^^^^
  File "/home/shadowcode/Bureau/mangaverse/env/lib/python3.11/site-packages/django/views/decorators/csrf.py", line 65, in _view_wrapper
    return view_func(request, *args, **kwargs)
           ^^^^^^^^^^^^^^^^^^^^^^^^^^^^^^^^^^^
  File "/home/shadowcode/Bureau/mangaverse/env/lib/python3.11/site-packages/django/views/generic/base.py", line 104, in view
    return self.dispatch(request, *args, **kwargs)
           ^^^^^^^^^^^^^^^^^^^^^^^^^^^^^^^^^^^^^^^
  File "/home/shadowcode/Bureau/mangaverse/env/lib/python3.11/site-packages/rest_framework/views.py", line 515, in dispatch
    response = self.handle_exception(exc)
               ^^^^^^^^^^^^^^^^^^^^^^^^^^
  File "/home/shadowcode/Bureau/mangaverse/env/lib/python3.11/site-packages/rest_framework/views.py", line 469, in handle_exception
    exception_handler = self.get_exception_handler()
                        ^^^^^^^^^^^^^^^^^^^^^^^^^^^^
  File "/home/shadowcode/Bureau/mangaverse/env/lib/python3.11/site-packages/rest_framework/views.py", line 304, in get_exception_handler
    return self.settings.EXCEPTION_HANDLER
           ^^^^^^^^^^^^^^^^^^^^^^^^^^^^^^^
  File "/home/shadowcode/Bureau/mangaverse/env/lib/python3.11/site-packages/rest_framework/settings.py", line 227, in __getattr__
    val = perform_import(val, attr)
          ^^^^^^^^^^^^^^^^^^^^^^^^^
  File "/home/shadowcode/Bureau/mangaverse/env/lib/python3.11/site-packages/rest_framework/settings.py", line 168, in perform_import
    return import_from_string(val, setting_name)
           ^^^^^^^^^^^^^^^^^^^^^^^^^^^^^^^^^^^^^
  File "/home/shadowcode/Bureau/mangaverse/env/lib/python3.11/site-packages/rest_framework/settings.py", line 182, in import_from_string
    raise ImportError(msg)
ImportError: Could not import 'apps.core.utils.custom_exception_handler' for API setting 'EXCEPTION_HANDLER'. ModuleNotFoundError: No module named 'apps.core.utils'.
ERROR 2026-01-20 18:01:16,260 log 23185 140371637200576 Internal Server Error: /api/v1/redoc/
Traceback (most recent call last):
  File "/home/shadowcode/Bureau/mangaverse/env/lib/python3.11/site-packages/django/utils/module_loading.py", line 30, in import_string
    return cached_import(module_path, class_name)
           ^^^^^^^^^^^^^^^^^^^^^^^^^^^^^^^^^^^^^^
  File "/home/shadowcode/Bureau/mangaverse/env/lib/python3.11/site-packages/django/utils/module_loading.py", line 16, in cached_import
    return getattr(module, class_name)
           ^^^^^^^^^^^^^^^^^^^^^^^^^^^
AttributeError: module 'redis.connection' has no attribute 'HiredisParser'

The above exception was the direct cause of the following exception:

Traceback (most recent call last):
  File "/home/shadowcode/Bureau/mangaverse/env/lib/python3.11/site-packages/rest_framework/views.py", line 503, in dispatch
    self.initial(request, *args, **kwargs)
  File "/home/shadowcode/Bureau/mangaverse/env/lib/python3.11/site-packages/rest_framework/views.py", line 422, in initial
    self.check_throttles(request)
  File "/home/shadowcode/Bureau/mangaverse/env/lib/python3.11/site-packages/rest_framework/views.py", line 365, in check_throttles
    if not throttle.allow_request(request, self):
           ^^^^^^^^^^^^^^^^^^^^^^^^^^^^^^^^^^^^^
  File "/home/shadowcode/Bureau/mangaverse/env/lib/python3.11/site-packages/rest_framework/throttling.py", line 123, in allow_request
    self.history = self.cache.get(self.key, [])
                   ^^^^^^^^^^^^^^^^^^^^^^^^^^^^
  File "/home/shadowcode/Bureau/mangaverse/env/lib/python3.11/site-packages/debug_toolbar/panels/cache.py", line 42, in wrapper
    return panel._record_call(cache, name, original_method, args, kwargs)
           ^^^^^^^^^^^^^^^^^^^^^^^^^^^^^^^^^^^^^^^^^^^^^^^^^^^^^^^^^^^^^^
  File "/home/shadowcode/Bureau/mangaverse/env/lib/python3.11/site-packages/debug_toolbar/panels/cache.py", line 151, in _record_call
    value = original_method(*args, **kwargs)
            ^^^^^^^^^^^^^^^^^^^^^^^^^^^^^^^^
  File "/home/shadowcode/Bureau/mangaverse/env/lib/python3.11/site-packages/django_redis/cache.py", line 92, in get
    value = self._get(key, default, version, client)
            ^^^^^^^^^^^^^^^^^^^^^^^^^^^^^^^^^^^^^^^^
  File "/home/shadowcode/Bureau/mangaverse/env/lib/python3.11/site-packages/django_redis/cache.py", line 29, in _decorator
    return method(self, *args, **kwargs)
           ^^^^^^^^^^^^^^^^^^^^^^^^^^^^^
  File "/home/shadowcode/Bureau/mangaverse/env/lib/python3.11/site-packages/django_redis/cache.py", line 99, in _get
    return self.client.get(key, default=default, version=version, client=client)
           ^^^^^^^^^^^^^^^^^^^^^^^^^^^^^^^^^^^^^^^^^^^^^^^^^^^^^^^^^^^^^^^^^^^^^
  File "/home/shadowcode/Bureau/mangaverse/env/lib/python3.11/site-packages/django_redis/client/default.py", line 293, in get
    client = self.get_client(write=False)
             ^^^^^^^^^^^^^^^^^^^^^^^^^^^^
  File "/home/shadowcode/Bureau/mangaverse/env/lib/python3.11/site-packages/django_redis/client/default.py", line 128, in get_client
    self._clients[index] = self.connect(index)
                           ^^^^^^^^^^^^^^^^^^^
  File "/home/shadowcode/Bureau/mangaverse/env/lib/python3.11/site-packages/django_redis/client/default.py", line 157, in connect
    return self.connection_factory.connect(self._server[index])
           ^^^^^^^^^^^^^^^^^^^^^^^^^^^^^^^^^^^^^^^^^^^^^^^^^^^^
  File "/home/shadowcode/Bureau/mangaverse/env/lib/python3.11/site-packages/django_redis/pool.py", line 69, in connect
    params = self.make_connection_params(url)
             ^^^^^^^^^^^^^^^^^^^^^^^^^^^^^^^^
  File "/home/shadowcode/Bureau/mangaverse/env/lib/python3.11/site-packages/django_redis/pool.py", line 41, in make_connection_params
    "parser_class": self.get_parser_cls(),
                    ^^^^^^^^^^^^^^^^^^^^^
  File "/home/shadowcode/Bureau/mangaverse/env/lib/python3.11/site-packages/django_redis/pool.py", line 97, in get_parser_cls
    return import_string(cls)
           ^^^^^^^^^^^^^^^^^^
  File "/home/shadowcode/Bureau/mangaverse/env/lib/python3.11/site-packages/django/utils/module_loading.py", line 32, in import_string
    raise ImportError(
ImportError: Module "redis.connection" does not define a "HiredisParser" attribute/class

During handling of the above exception, another exception occurred:

Traceback (most recent call last):
  File "/home/shadowcode/Bureau/mangaverse/env/lib/python3.11/site-packages/rest_framework/settings.py", line 179, in import_from_string
    return import_string(val)
           ^^^^^^^^^^^^^^^^^^
  File "/home/shadowcode/Bureau/mangaverse/env/lib/python3.11/site-packages/django/utils/module_loading.py", line 30, in import_string
    return cached_import(module_path, class_name)
           ^^^^^^^^^^^^^^^^^^^^^^^^^^^^^^^^^^^^^^
  File "/home/shadowcode/Bureau/mangaverse/env/lib/python3.11/site-packages/django/utils/module_loading.py", line 15, in cached_import
    module = import_module(module_path)
             ^^^^^^^^^^^^^^^^^^^^^^^^^^
  File "/usr/lib/python3.11/importlib/__init__.py", line 126, in import_module
    return _bootstrap._gcd_import(name[level:], package, level)
           ^^^^^^^^^^^^^^^^^^^^^^^^^^^^^^^^^^^^^^^^^^^^^^^^^^^^
  File "<frozen importlib._bootstrap>", line 1206, in _gcd_import
  File "<frozen importlib._bootstrap>", line 1178, in _find_and_load
  File "<frozen importlib._bootstrap>", line 1142, in _find_and_load_unlocked
ModuleNotFoundError: No module named 'apps.core.utils'

During handling of the above exception, another exception occurred:

Traceback (most recent call last):
  File "/home/shadowcode/Bureau/mangaverse/env/lib/python3.11/site-packages/django/core/handlers/exception.py", line 55, in inner
    response = get_response(request)
               ^^^^^^^^^^^^^^^^^^^^^
  File "/home/shadowcode/Bureau/mangaverse/env/lib/python3.11/site-packages/django/core/handlers/base.py", line 197, in _get_response
    response = wrapped_callback(request, *callback_args, **callback_kwargs)
               ^^^^^^^^^^^^^^^^^^^^^^^^^^^^^^^^^^^^^^^^^^^^^^^^^^^^^^^^^^^^
  File "/home/shadowcode/Bureau/mangaverse/env/lib/python3.11/site-packages/django/views/decorators/csrf.py", line 65, in _view_wrapper
    return view_func(request, *args, **kwargs)
           ^^^^^^^^^^^^^^^^^^^^^^^^^^^^^^^^^^^
  File "/home/shadowcode/Bureau/mangaverse/env/lib/python3.11/site-packages/django/views/generic/base.py", line 104, in view
    return self.dispatch(request, *args, **kwargs)
           ^^^^^^^^^^^^^^^^^^^^^^^^^^^^^^^^^^^^^^^
  File "/home/shadowcode/Bureau/mangaverse/env/lib/python3.11/site-packages/rest_framework/views.py", line 515, in dispatch
    response = self.handle_exception(exc)
               ^^^^^^^^^^^^^^^^^^^^^^^^^^
  File "/home/shadowcode/Bureau/mangaverse/env/lib/python3.11/site-packages/rest_framework/views.py", line 469, in handle_exception
    exception_handler = self.get_exception_handler()
                        ^^^^^^^^^^^^^^^^^^^^^^^^^^^^
  File "/home/shadowcode/Bureau/mangaverse/env/lib/python3.11/site-packages/rest_framework/views.py", line 304, in get_exception_handler
    return self.settings.EXCEPTION_HANDLER
           ^^^^^^^^^^^^^^^^^^^^^^^^^^^^^^^
  File "/home/shadowcode/Bureau/mangaverse/env/lib/python3.11/site-packages/rest_framework/settings.py", line 227, in __getattr__
    val = perform_import(val, attr)
          ^^^^^^^^^^^^^^^^^^^^^^^^^
  File "/home/shadowcode/Bureau/mangaverse/env/lib/python3.11/site-packages/rest_framework/settings.py", line 168, in perform_import
    return import_from_string(val, setting_name)
           ^^^^^^^^^^^^^^^^^^^^^^^^^^^^^^^^^^^^^
  File "/home/shadowcode/Bureau/mangaverse/env/lib/python3.11/site-packages/rest_framework/settings.py", line 182, in import_from_string
    raise ImportError(msg)
ImportError: Could not import 'apps.core.utils.custom_exception_handler' for API setting 'EXCEPTION_HANDLER'. ModuleNotFoundError: No module named 'apps.core.utils'.
ERROR 2026-01-20 18:04:19,767 log 25409 139679798302400 Internal Server Error: /api/v1/redoc/
Traceback (most recent call last):
  File "/home/shadowcode/Bureau/mangaverse/env/lib/python3.11/site-packages/django/utils/module_loading.py", line 30, in import_string
    return cached_import(module_path, class_name)
           ^^^^^^^^^^^^^^^^^^^^^^^^^^^^^^^^^^^^^^
  File "/home/shadowcode/Bureau/mangaverse/env/lib/python3.11/site-packages/django/utils/module_loading.py", line 16, in cached_import
    return getattr(module, class_name)
           ^^^^^^^^^^^^^^^^^^^^^^^^^^^
AttributeError: module 'redis.connection' has no attribute 'HiredisParser'

The above exception was the direct cause of the following exception:

Traceback (most recent call last):
  File "/home/shadowcode/Bureau/mangaverse/env/lib/python3.11/site-packages/rest_framework/views.py", line 503, in dispatch
    self.initial(request, *args, **kwargs)
  File "/home/shadowcode/Bureau/mangaverse/env/lib/python3.11/site-packages/rest_framework/views.py", line 422, in initial
    self.check_throttles(request)
  File "/home/shadowcode/Bureau/mangaverse/env/lib/python3.11/site-packages/rest_framework/views.py", line 365, in check_throttles
    if not throttle.allow_request(request, self):
           ^^^^^^^^^^^^^^^^^^^^^^^^^^^^^^^^^^^^^
  File "/home/shadowcode/Bureau/mangaverse/env/lib/python3.11/site-packages/rest_framework/throttling.py", line 123, in allow_request
    self.history = self.cache.get(self.key, [])
                   ^^^^^^^^^^^^^^^^^^^^^^^^^^^^
  File "/home/shadowcode/Bureau/mangaverse/env/lib/python3.11/site-packages/debug_toolbar/panels/cache.py", line 42, in wrapper
    return panel._record_call(cache, name, original_method, args, kwargs)
           ^^^^^^^^^^^^^^^^^^^^^^^^^^^^^^^^^^^^^^^^^^^^^^^^^^^^^^^^^^^^^^
  File "/home/shadowcode/Bureau/mangaverse/env/lib/python3.11/site-packages/debug_toolbar/panels/cache.py", line 151, in _record_call
    value = original_method(*args, **kwargs)
            ^^^^^^^^^^^^^^^^^^^^^^^^^^^^^^^^
  File "/home/shadowcode/Bureau/mangaverse/env/lib/python3.11/site-packages/django_redis/cache.py", line 92, in get
    value = self._get(key, default, version, client)
            ^^^^^^^^^^^^^^^^^^^^^^^^^^^^^^^^^^^^^^^^
  File "/home/shadowcode/Bureau/mangaverse/env/lib/python3.11/site-packages/django_redis/cache.py", line 29, in _decorator
    return method(self, *args, **kwargs)
           ^^^^^^^^^^^^^^^^^^^^^^^^^^^^^
  File "/home/shadowcode/Bureau/mangaverse/env/lib/python3.11/site-packages/django_redis/cache.py", line 99, in _get
    return self.client.get(key, default=default, version=version, client=client)
           ^^^^^^^^^^^^^^^^^^^^^^^^^^^^^^^^^^^^^^^^^^^^^^^^^^^^^^^^^^^^^^^^^^^^^
  File "/home/shadowcode/Bureau/mangaverse/env/lib/python3.11/site-packages/django_redis/client/default.py", line 293, in get
    client = self.get_client(write=False)
             ^^^^^^^^^^^^^^^^^^^^^^^^^^^^
  File "/home/shadowcode/Bureau/mangaverse/env/lib/python3.11/site-packages/django_redis/client/default.py", line 128, in get_client
    self._clients[index] = self.connect(index)
                           ^^^^^^^^^^^^^^^^^^^
  File "/home/shadowcode/Bureau/mangaverse/env/lib/python3.11/site-packages/django_redis/client/default.py", line 157, in connect
    return self.connection_factory.connect(self._server[index])
           ^^^^^^^^^^^^^^^^^^^^^^^^^^^^^^^^^^^^^^^^^^^^^^^^^^^^
  File "/home/shadowcode/Bureau/mangaverse/env/lib/python3.11/site-packages/django_redis/pool.py", line 69, in connect
    params = self.make_connection_params(url)
             ^^^^^^^^^^^^^^^^^^^^^^^^^^^^^^^^
  File "/home/shadowcode/Bureau/mangaverse/env/lib/python3.11/site-packages/django_redis/pool.py", line 41, in make_connection_params
    "parser_class": self.get_parser_cls(),
                    ^^^^^^^^^^^^^^^^^^^^^
  File "/home/shadowcode/Bureau/mangaverse/env/lib/python3.11/site-packages/django_redis/pool.py", line 97, in get_parser_cls
    return import_string(cls)
           ^^^^^^^^^^^^^^^^^^
  File "/home/shadowcode/Bureau/mangaverse/env/lib/python3.11/site-packages/django/utils/module_loading.py", line 32, in import_string
    raise ImportError(
ImportError: Module "redis.connection" does not define a "HiredisParser" attribute/class

During handling of the above exception, another exception occurred:

Traceback (most recent call last):
  File "/home/shadowcode/Bureau/mangaverse/env/lib/python3.11/site-packages/rest_framework/settings.py", line 179, in import_from_string
    return import_string(val)
           ^^^^^^^^^^^^^^^^^^
  File "/home/shadowcode/Bureau/mangaverse/env/lib/python3.11/site-packages/django/utils/module_loading.py", line 30, in import_string
    return cached_import(module_path, class_name)
           ^^^^^^^^^^^^^^^^^^^^^^^^^^^^^^^^^^^^^^
  File "/home/shadowcode/Bureau/mangaverse/env/lib/python3.11/site-packages/django/utils/module_loading.py", line 15, in cached_import
    module = import_module(module_path)
             ^^^^^^^^^^^^^^^^^^^^^^^^^^
  File "/usr/lib/python3.11/importlib/__init__.py", line 126, in import_module
    return _bootstrap._gcd_import(name[level:], package, level)
           ^^^^^^^^^^^^^^^^^^^^^^^^^^^^^^^^^^^^^^^^^^^^^^^^^^^^
  File "<frozen importlib._bootstrap>", line 1206, in _gcd_import
  File "<frozen importlib._bootstrap>", line 1178, in _find_and_load
  File "<frozen importlib._bootstrap>", line 1142, in _find_and_load_unlocked
ModuleNotFoundError: No module named 'apps.core.utils'

During handling of the above exception, another exception occurred:

Traceback (most recent call last):
  File "/home/shadowcode/Bureau/mangaverse/env/lib/python3.11/site-packages/django/core/handlers/exception.py", line 55, in inner
    response = get_response(request)
               ^^^^^^^^^^^^^^^^^^^^^
  File "/home/shadowcode/Bureau/mangaverse/env/lib/python3.11/site-packages/django/core/handlers/base.py", line 197, in _get_response
    response = wrapped_callback(request, *callback_args, **callback_kwargs)
               ^^^^^^^^^^^^^^^^^^^^^^^^^^^^^^^^^^^^^^^^^^^^^^^^^^^^^^^^^^^^
  File "/home/shadowcode/Bureau/mangaverse/env/lib/python3.11/site-packages/django/views/decorators/csrf.py", line 65, in _view_wrapper
    return view_func(request, *args, **kwargs)
           ^^^^^^^^^^^^^^^^^^^^^^^^^^^^^^^^^^^
  File "/home/shadowcode/Bureau/mangaverse/env/lib/python3.11/site-packages/django/views/generic/base.py", line 104, in view
    return self.dispatch(request, *args, **kwargs)
           ^^^^^^^^^^^^^^^^^^^^^^^^^^^^^^^^^^^^^^^
  File "/home/shadowcode/Bureau/mangaverse/env/lib/python3.11/site-packages/rest_framework/views.py", line 515, in dispatch
    response = self.handle_exception(exc)
               ^^^^^^^^^^^^^^^^^^^^^^^^^^
  File "/home/shadowcode/Bureau/mangaverse/env/lib/python3.11/site-packages/rest_framework/views.py", line 469, in handle_exception
    exception_handler = self.get_exception_handler()
                        ^^^^^^^^^^^^^^^^^^^^^^^^^^^^
  File "/home/shadowcode/Bureau/mangaverse/env/lib/python3.11/site-packages/rest_framework/views.py", line 304, in get_exception_handler
    return self.settings.EXCEPTION_HANDLER
           ^^^^^^^^^^^^^^^^^^^^^^^^^^^^^^^
  File "/home/shadowcode/Bureau/mangaverse/env/lib/python3.11/site-packages/rest_framework/settings.py", line 227, in __getattr__
    val = perform_import(val, attr)
          ^^^^^^^^^^^^^^^^^^^^^^^^^
  File "/home/shadowcode/Bureau/mangaverse/env/lib/python3.11/site-packages/rest_framework/settings.py", line 168, in perform_import
    return import_from_string(val, setting_name)
           ^^^^^^^^^^^^^^^^^^^^^^^^^^^^^^^^^^^^^
  File "/home/shadowcode/Bureau/mangaverse/env/lib/python3.11/site-packages/rest_framework/settings.py", line 182, in import_from_string
    raise ImportError(msg)
ImportError: Could not import 'apps.core.utils.custom_exception_handler' for API setting 'EXCEPTION_HANDLER'. ModuleNotFoundError: No module named 'apps.core.utils'.
ERROR 2026-01-20 18:04:20,114 log 25409 139679718438592 Internal Server Error: /api/v1/redoc/
Traceback (most recent call last):
  File "/home/shadowcode/Bureau/mangaverse/env/lib/python3.11/site-packages/django/utils/module_loading.py", line 30, in import_string
    return cached_import(module_path, class_name)
           ^^^^^^^^^^^^^^^^^^^^^^^^^^^^^^^^^^^^^^
  File "/home/shadowcode/Bureau/mangaverse/env/lib/python3.11/site-packages/django/utils/module_loading.py", line 16, in cached_import
    return getattr(module, class_name)
           ^^^^^^^^^^^^^^^^^^^^^^^^^^^
AttributeError: module 'redis.connection' has no attribute 'HiredisParser'

The above exception was the direct cause of the following exception:

Traceback (most recent call last):
  File "/home/shadowcode/Bureau/mangaverse/env/lib/python3.11/site-packages/rest_framework/views.py", line 503, in dispatch
    self.initial(request, *args, **kwargs)
  File "/home/shadowcode/Bureau/mangaverse/env/lib/python3.11/site-packages/rest_framework/views.py", line 422, in initial
    self.check_throttles(request)
  File "/home/shadowcode/Bureau/mangaverse/env/lib/python3.11/site-packages/rest_framework/views.py", line 365, in check_throttles
    if not throttle.allow_request(request, self):
           ^^^^^^^^^^^^^^^^^^^^^^^^^^^^^^^^^^^^^
  File "/home/shadowcode/Bureau/mangaverse/env/lib/python3.11/site-packages/rest_framework/throttling.py", line 123, in allow_request
    self.history = self.cache.get(self.key, [])
                   ^^^^^^^^^^^^^^^^^^^^^^^^^^^^
  File "/home/shadowcode/Bureau/mangaverse/env/lib/python3.11/site-packages/debug_toolbar/panels/cache.py", line 42, in wrapper
    return panel._record_call(cache, name, original_method, args, kwargs)
           ^^^^^^^^^^^^^^^^^^^^^^^^^^^^^^^^^^^^^^^^^^^^^^^^^^^^^^^^^^^^^^
  File "/home/shadowcode/Bureau/mangaverse/env/lib/python3.11/site-packages/debug_toolbar/panels/cache.py", line 151, in _record_call
    value = original_method(*args, **kwargs)
            ^^^^^^^^^^^^^^^^^^^^^^^^^^^^^^^^
  File "/home/shadowcode/Bureau/mangaverse/env/lib/python3.11/site-packages/django_redis/cache.py", line 92, in get
    value = self._get(key, default, version, client)
            ^^^^^^^^^^^^^^^^^^^^^^^^^^^^^^^^^^^^^^^^
  File "/home/shadowcode/Bureau/mangaverse/env/lib/python3.11/site-packages/django_redis/cache.py", line 29, in _decorator
    return method(self, *args, **kwargs)
           ^^^^^^^^^^^^^^^^^^^^^^^^^^^^^
  File "/home/shadowcode/Bureau/mangaverse/env/lib/python3.11/site-packages/django_redis/cache.py", line 99, in _get
    return self.client.get(key, default=default, version=version, client=client)
           ^^^^^^^^^^^^^^^^^^^^^^^^^^^^^^^^^^^^^^^^^^^^^^^^^^^^^^^^^^^^^^^^^^^^^
  File "/home/shadowcode/Bureau/mangaverse/env/lib/python3.11/site-packages/django_redis/client/default.py", line 293, in get
    client = self.get_client(write=False)
             ^^^^^^^^^^^^^^^^^^^^^^^^^^^^
  File "/home/shadowcode/Bureau/mangaverse/env/lib/python3.11/site-packages/django_redis/client/default.py", line 128, in get_client
    self._clients[index] = self.connect(index)
                           ^^^^^^^^^^^^^^^^^^^
  File "/home/shadowcode/Bureau/mangaverse/env/lib/python3.11/site-packages/django_redis/client/default.py", line 157, in connect
    return self.connection_factory.connect(self._server[index])
           ^^^^^^^^^^^^^^^^^^^^^^^^^^^^^^^^^^^^^^^^^^^^^^^^^^^^
  File "/home/shadowcode/Bureau/mangaverse/env/lib/python3.11/site-packages/django_redis/pool.py", line 69, in connect
    params = self.make_connection_params(url)
             ^^^^^^^^^^^^^^^^^^^^^^^^^^^^^^^^
  File "/home/shadowcode/Bureau/mangaverse/env/lib/python3.11/site-packages/django_redis/pool.py", line 41, in make_connection_params
    "parser_class": self.get_parser_cls(),
                    ^^^^^^^^^^^^^^^^^^^^^
  File "/home/shadowcode/Bureau/mangaverse/env/lib/python3.11/site-packages/django_redis/pool.py", line 97, in get_parser_cls
    return import_string(cls)
           ^^^^^^^^^^^^^^^^^^
  File "/home/shadowcode/Bureau/mangaverse/env/lib/python3.11/site-packages/django/utils/module_loading.py", line 32, in import_string
    raise ImportError(
ImportError: Module "redis.connection" does not define a "HiredisParser" attribute/class

During handling of the above exception, another exception occurred:

Traceback (most recent call last):
  File "/home/shadowcode/Bureau/mangaverse/env/lib/python3.11/site-packages/rest_framework/settings.py", line 179, in import_from_string
    return import_string(val)
           ^^^^^^^^^^^^^^^^^^
  File "/home/shadowcode/Bureau/mangaverse/env/lib/python3.11/site-packages/django/utils/module_loading.py", line 30, in import_string
    return cached_import(module_path, class_name)
           ^^^^^^^^^^^^^^^^^^^^^^^^^^^^^^^^^^^^^^
  File "/home/shadowcode/Bureau/mangaverse/env/lib/python3.11/site-packages/django/utils/module_loading.py", line 15, in cached_import
    module = import_module(module_path)
             ^^^^^^^^^^^^^^^^^^^^^^^^^^
  File "/usr/lib/python3.11/importlib/__init__.py", line 126, in import_module
    return _bootstrap._gcd_import(name[level:], package, level)
           ^^^^^^^^^^^^^^^^^^^^^^^^^^^^^^^^^^^^^^^^^^^^^^^^^^^^
  File "<frozen importlib._bootstrap>", line 1206, in _gcd_import
  File "<frozen importlib._bootstrap>", line 1178, in _find_and_load
  File "<frozen importlib._bootstrap>", line 1142, in _find_and_load_unlocked
ModuleNotFoundError: No module named 'apps.core.utils'

During handling of the above exception, another exception occurred:

Traceback (most recent call last):
  File "/home/shadowcode/Bureau/mangaverse/env/lib/python3.11/site-packages/django/core/handlers/exception.py", line 55, in inner
    response = get_response(request)
               ^^^^^^^^^^^^^^^^^^^^^
  File "/home/shadowcode/Bureau/mangaverse/env/lib/python3.11/site-packages/django/core/handlers/base.py", line 197, in _get_response
    response = wrapped_callback(request, *callback_args, **callback_kwargs)
               ^^^^^^^^^^^^^^^^^^^^^^^^^^^^^^^^^^^^^^^^^^^^^^^^^^^^^^^^^^^^
  File "/home/shadowcode/Bureau/mangaverse/env/lib/python3.11/site-packages/django/views/decorators/csrf.py", line 65, in _view_wrapper
    return view_func(request, *args, **kwargs)
           ^^^^^^^^^^^^^^^^^^^^^^^^^^^^^^^^^^^
  File "/home/shadowcode/Bureau/mangaverse/env/lib/python3.11/site-packages/django/views/generic/base.py", line 104, in view
    return self.dispatch(request, *args, **kwargs)
           ^^^^^^^^^^^^^^^^^^^^^^^^^^^^^^^^^^^^^^^
  File "/home/shadowcode/Bureau/mangaverse/env/lib/python3.11/site-packages/rest_framework/views.py", line 515, in dispatch
    response = self.handle_exception(exc)
               ^^^^^^^^^^^^^^^^^^^^^^^^^^
  File "/home/shadowcode/Bureau/mangaverse/env/lib/python3.11/site-packages/rest_framework/views.py", line 469, in handle_exception
    exception_handler = self.get_exception_handler()
                        ^^^^^^^^^^^^^^^^^^^^^^^^^^^^
  File "/home/shadowcode/Bureau/mangaverse/env/lib/python3.11/site-packages/rest_framework/views.py", line 304, in get_exception_handler
    return self.settings.EXCEPTION_HANDLER
           ^^^^^^^^^^^^^^^^^^^^^^^^^^^^^^^
  File "/home/shadowcode/Bureau/mangaverse/env/lib/python3.11/site-packages/rest_framework/settings.py", line 227, in __getattr__
    val = perform_import(val, attr)
          ^^^^^^^^^^^^^^^^^^^^^^^^^
  File "/home/shadowcode/Bureau/mangaverse/env/lib/python3.11/site-packages/rest_framework/settings.py", line 168, in perform_import
    return import_from_string(val, setting_name)
           ^^^^^^^^^^^^^^^^^^^^^^^^^^^^^^^^^^^^^
  File "/home/shadowcode/Bureau/mangaverse/env/lib/python3.11/site-packages/rest_framework/settings.py", line 182, in import_from_string
    raise ImportError(msg)
ImportError: Could not import 'apps.core.utils.custom_exception_handler' for API setting 'EXCEPTION_HANDLER'. ModuleNotFoundError: No module named 'apps.core.utils'.
ERROR 2026-01-20 18:04:27,386 log 25409 139679718438592 Internal Server Error: /api/v1/schema/
Traceback (most recent call last):
  File "/home/shadowcode/Bureau/mangaverse/env/lib/python3.11/site-packages/django/utils/module_loading.py", line 30, in import_string
    return cached_import(module_path, class_name)
           ^^^^^^^^^^^^^^^^^^^^^^^^^^^^^^^^^^^^^^
  File "/home/shadowcode/Bureau/mangaverse/env/lib/python3.11/site-packages/django/utils/module_loading.py", line 16, in cached_import
    return getattr(module, class_name)
           ^^^^^^^^^^^^^^^^^^^^^^^^^^^
AttributeError: module 'redis.connection' has no attribute 'HiredisParser'

The above exception was the direct cause of the following exception:

Traceback (most recent call last):
  File "/home/shadowcode/Bureau/mangaverse/env/lib/python3.11/site-packages/rest_framework/views.py", line 503, in dispatch
    self.initial(request, *args, **kwargs)
  File "/home/shadowcode/Bureau/mangaverse/env/lib/python3.11/site-packages/rest_framework/views.py", line 422, in initial
    self.check_throttles(request)
  File "/home/shadowcode/Bureau/mangaverse/env/lib/python3.11/site-packages/rest_framework/views.py", line 365, in check_throttles
    if not throttle.allow_request(request, self):
           ^^^^^^^^^^^^^^^^^^^^^^^^^^^^^^^^^^^^^
  File "/home/shadowcode/Bureau/mangaverse/env/lib/python3.11/site-packages/rest_framework/throttling.py", line 123, in allow_request
    self.history = self.cache.get(self.key, [])
                   ^^^^^^^^^^^^^^^^^^^^^^^^^^^^
  File "/home/shadowcode/Bureau/mangaverse/env/lib/python3.11/site-packages/debug_toolbar/panels/cache.py", line 42, in wrapper
    return panel._record_call(cache, name, original_method, args, kwargs)
           ^^^^^^^^^^^^^^^^^^^^^^^^^^^^^^^^^^^^^^^^^^^^^^^^^^^^^^^^^^^^^^
  File "/home/shadowcode/Bureau/mangaverse/env/lib/python3.11/site-packages/debug_toolbar/panels/cache.py", line 151, in _record_call
    value = original_method(*args, **kwargs)
            ^^^^^^^^^^^^^^^^^^^^^^^^^^^^^^^^
  File "/home/shadowcode/Bureau/mangaverse/env/lib/python3.11/site-packages/django_redis/cache.py", line 92, in get
    value = self._get(key, default, version, client)
            ^^^^^^^^^^^^^^^^^^^^^^^^^^^^^^^^^^^^^^^^
  File "/home/shadowcode/Bureau/mangaverse/env/lib/python3.11/site-packages/django_redis/cache.py", line 29, in _decorator
    return method(self, *args, **kwargs)
           ^^^^^^^^^^^^^^^^^^^^^^^^^^^^^
  File "/home/shadowcode/Bureau/mangaverse/env/lib/python3.11/site-packages/django_redis/cache.py", line 99, in _get
    return self.client.get(key, default=default, version=version, client=client)
           ^^^^^^^^^^^^^^^^^^^^^^^^^^^^^^^^^^^^^^^^^^^^^^^^^^^^^^^^^^^^^^^^^^^^^
  File "/home/shadowcode/Bureau/mangaverse/env/lib/python3.11/site-packages/django_redis/client/default.py", line 293, in get
    client = self.get_client(write=False)
             ^^^^^^^^^^^^^^^^^^^^^^^^^^^^
  File "/home/shadowcode/Bureau/mangaverse/env/lib/python3.11/site-packages/django_redis/client/default.py", line 128, in get_client
    self._clients[index] = self.connect(index)
                           ^^^^^^^^^^^^^^^^^^^
  File "/home/shadowcode/Bureau/mangaverse/env/lib/python3.11/site-packages/django_redis/client/default.py", line 157, in connect
    return self.connection_factory.connect(self._server[index])
           ^^^^^^^^^^^^^^^^^^^^^^^^^^^^^^^^^^^^^^^^^^^^^^^^^^^^
  File "/home/shadowcode/Bureau/mangaverse/env/lib/python3.11/site-packages/django_redis/pool.py", line 69, in connect
    params = self.make_connection_params(url)
             ^^^^^^^^^^^^^^^^^^^^^^^^^^^^^^^^
  File "/home/shadowcode/Bureau/mangaverse/env/lib/python3.11/site-packages/django_redis/pool.py", line 41, in make_connection_params
    "parser_class": self.get_parser_cls(),
                    ^^^^^^^^^^^^^^^^^^^^^
  File "/home/shadowcode/Bureau/mangaverse/env/lib/python3.11/site-packages/django_redis/pool.py", line 97, in get_parser_cls
    return import_string(cls)
           ^^^^^^^^^^^^^^^^^^
  File "/home/shadowcode/Bureau/mangaverse/env/lib/python3.11/site-packages/django/utils/module_loading.py", line 32, in import_string
    raise ImportError(
ImportError: Module "redis.connection" does not define a "HiredisParser" attribute/class

During handling of the above exception, another exception occurred:

Traceback (most recent call last):
  File "/home/shadowcode/Bureau/mangaverse/env/lib/python3.11/site-packages/rest_framework/settings.py", line 179, in import_from_string
    return import_string(val)
           ^^^^^^^^^^^^^^^^^^
  File "/home/shadowcode/Bureau/mangaverse/env/lib/python3.11/site-packages/django/utils/module_loading.py", line 30, in import_string
    return cached_import(module_path, class_name)
           ^^^^^^^^^^^^^^^^^^^^^^^^^^^^^^^^^^^^^^
  File "/home/shadowcode/Bureau/mangaverse/env/lib/python3.11/site-packages/django/utils/module_loading.py", line 15, in cached_import
    module = import_module(module_path)
             ^^^^^^^^^^^^^^^^^^^^^^^^^^
  File "/usr/lib/python3.11/importlib/__init__.py", line 126, in import_module
    return _bootstrap._gcd_import(name[level:], package, level)
           ^^^^^^^^^^^^^^^^^^^^^^^^^^^^^^^^^^^^^^^^^^^^^^^^^^^^
  File "<frozen importlib._bootstrap>", line 1206, in _gcd_import
  File "<frozen importlib._bootstrap>", line 1178, in _find_and_load
  File "<frozen importlib._bootstrap>", line 1142, in _find_and_load_unlocked
ModuleNotFoundError: No module named 'apps.core.utils'

During handling of the above exception, another exception occurred:

Traceback (most recent call last):
  File "/home/shadowcode/Bureau/mangaverse/env/lib/python3.11/site-packages/django/core/handlers/exception.py", line 55, in inner
    response = get_response(request)
               ^^^^^^^^^^^^^^^^^^^^^
  File "/home/shadowcode/Bureau/mangaverse/env/lib/python3.11/site-packages/django/core/handlers/base.py", line 197, in _get_response
    response = wrapped_callback(request, *callback_args, **callback_kwargs)
               ^^^^^^^^^^^^^^^^^^^^^^^^^^^^^^^^^^^^^^^^^^^^^^^^^^^^^^^^^^^^
  File "/home/shadowcode/Bureau/mangaverse/env/lib/python3.11/site-packages/django/views/decorators/csrf.py", line 65, in _view_wrapper
    return view_func(request, *args, **kwargs)
           ^^^^^^^^^^^^^^^^^^^^^^^^^^^^^^^^^^^
  File "/home/shadowcode/Bureau/mangaverse/env/lib/python3.11/site-packages/django/views/generic/base.py", line 104, in view
    return self.dispatch(request, *args, **kwargs)
           ^^^^^^^^^^^^^^^^^^^^^^^^^^^^^^^^^^^^^^^
  File "/home/shadowcode/Bureau/mangaverse/env/lib/python3.11/site-packages/rest_framework/views.py", line 515, in dispatch
    response = self.handle_exception(exc)
               ^^^^^^^^^^^^^^^^^^^^^^^^^^
  File "/home/shadowcode/Bureau/mangaverse/env/lib/python3.11/site-packages/rest_framework/views.py", line 469, in handle_exception
    exception_handler = self.get_exception_handler()
                        ^^^^^^^^^^^^^^^^^^^^^^^^^^^^
  File "/home/shadowcode/Bureau/mangaverse/env/lib/python3.11/site-packages/rest_framework/views.py", line 304, in get_exception_handler
    return self.settings.EXCEPTION_HANDLER
           ^^^^^^^^^^^^^^^^^^^^^^^^^^^^^^^
  File "/home/shadowcode/Bureau/mangaverse/env/lib/python3.11/site-packages/rest_framework/settings.py", line 227, in __getattr__
    val = perform_import(val, attr)
          ^^^^^^^^^^^^^^^^^^^^^^^^^
  File "/home/shadowcode/Bureau/mangaverse/env/lib/python3.11/site-packages/rest_framework/settings.py", line 168, in perform_import
    return import_from_string(val, setting_name)
           ^^^^^^^^^^^^^^^^^^^^^^^^^^^^^^^^^^^^^
  File "/home/shadowcode/Bureau/mangaverse/env/lib/python3.11/site-packages/rest_framework/settings.py", line 182, in import_from_string
    raise ImportError(msg)
ImportError: Could not import 'apps.core.utils.custom_exception_handler' for API setting 'EXCEPTION_HANDLER'. ModuleNotFoundError: No module named 'apps.core.utils'.
ERROR 2026-01-20 18:08:12,988 log 26918 140409243342528 Internal Server Error: /api/v1/schema/
Traceback (most recent call last):
  File "/home/shadowcode/Bureau/mangaverse/env/lib/python3.11/site-packages/django/utils/module_loading.py", line 30, in import_string
    return cached_import(module_path, class_name)
           ^^^^^^^^^^^^^^^^^^^^^^^^^^^^^^^^^^^^^^
  File "/home/shadowcode/Bureau/mangaverse/env/lib/python3.11/site-packages/django/utils/module_loading.py", line 16, in cached_import
    return getattr(module, class_name)
           ^^^^^^^^^^^^^^^^^^^^^^^^^^^
AttributeError: module 'redis.connection' has no attribute 'HiredisParser'

The above exception was the direct cause of the following exception:

Traceback (most recent call last):
  File "/home/shadowcode/Bureau/mangaverse/env/lib/python3.11/site-packages/rest_framework/views.py", line 503, in dispatch
    self.initial(request, *args, **kwargs)
  File "/home/shadowcode/Bureau/mangaverse/env/lib/python3.11/site-packages/rest_framework/views.py", line 422, in initial
    self.check_throttles(request)
  File "/home/shadowcode/Bureau/mangaverse/env/lib/python3.11/site-packages/rest_framework/views.py", line 365, in check_throttles
    if not throttle.allow_request(request, self):
           ^^^^^^^^^^^^^^^^^^^^^^^^^^^^^^^^^^^^^
  File "/home/shadowcode/Bureau/mangaverse/env/lib/python3.11/site-packages/rest_framework/throttling.py", line 123, in allow_request
    self.history = self.cache.get(self.key, [])
                   ^^^^^^^^^^^^^^^^^^^^^^^^^^^^
  File "/home/shadowcode/Bureau/mangaverse/env/lib/python3.11/site-packages/debug_toolbar/panels/cache.py", line 42, in wrapper
    return panel._record_call(cache, name, original_method, args, kwargs)
           ^^^^^^^^^^^^^^^^^^^^^^^^^^^^^^^^^^^^^^^^^^^^^^^^^^^^^^^^^^^^^^
  File "/home/shadowcode/Bureau/mangaverse/env/lib/python3.11/site-packages/debug_toolbar/panels/cache.py", line 151, in _record_call
    value = original_method(*args, **kwargs)
            ^^^^^^^^^^^^^^^^^^^^^^^^^^^^^^^^
  File "/home/shadowcode/Bureau/mangaverse/env/lib/python3.11/site-packages/django_redis/cache.py", line 92, in get
    value = self._get(key, default, version, client)
            ^^^^^^^^^^^^^^^^^^^^^^^^^^^^^^^^^^^^^^^^
  File "/home/shadowcode/Bureau/mangaverse/env/lib/python3.11/site-packages/django_redis/cache.py", line 29, in _decorator
    return method(self, *args, **kwargs)
           ^^^^^^^^^^^^^^^^^^^^^^^^^^^^^
  File "/home/shadowcode/Bureau/mangaverse/env/lib/python3.11/site-packages/django_redis/cache.py", line 99, in _get
    return self.client.get(key, default=default, version=version, client=client)
           ^^^^^^^^^^^^^^^^^^^^^^^^^^^^^^^^^^^^^^^^^^^^^^^^^^^^^^^^^^^^^^^^^^^^^
  File "/home/shadowcode/Bureau/mangaverse/env/lib/python3.11/site-packages/django_redis/client/default.py", line 293, in get
    client = self.get_client(write=False)
             ^^^^^^^^^^^^^^^^^^^^^^^^^^^^
  File "/home/shadowcode/Bureau/mangaverse/env/lib/python3.11/site-packages/django_redis/client/default.py", line 128, in get_client
    self._clients[index] = self.connect(index)
                           ^^^^^^^^^^^^^^^^^^^
  File "/home/shadowcode/Bureau/mangaverse/env/lib/python3.11/site-packages/django_redis/client/default.py", line 157, in connect
    return self.connection_factory.connect(self._server[index])
           ^^^^^^^^^^^^^^^^^^^^^^^^^^^^^^^^^^^^^^^^^^^^^^^^^^^^
  File "/home/shadowcode/Bureau/mangaverse/env/lib/python3.11/site-packages/django_redis/pool.py", line 69, in connect
    params = self.make_connection_params(url)
             ^^^^^^^^^^^^^^^^^^^^^^^^^^^^^^^^
  File "/home/shadowcode/Bureau/mangaverse/env/lib/python3.11/site-packages/django_redis/pool.py", line 41, in make_connection_params
    "parser_class": self.get_parser_cls(),
                    ^^^^^^^^^^^^^^^^^^^^^
  File "/home/shadowcode/Bureau/mangaverse/env/lib/python3.11/site-packages/django_redis/pool.py", line 97, in get_parser_cls
    return import_string(cls)
           ^^^^^^^^^^^^^^^^^^
  File "/home/shadowcode/Bureau/mangaverse/env/lib/python3.11/site-packages/django/utils/module_loading.py", line 32, in import_string
    raise ImportError(
ImportError: Module "redis.connection" does not define a "HiredisParser" attribute/class

During handling of the above exception, another exception occurred:

Traceback (most recent call last):
  File "/home/shadowcode/Bureau/mangaverse/env/lib/python3.11/site-packages/django/utils/module_loading.py", line 30, in import_string
    return cached_import(module_path, class_name)
           ^^^^^^^^^^^^^^^^^^^^^^^^^^^^^^^^^^^^^^
  File "/home/shadowcode/Bureau/mangaverse/env/lib/python3.11/site-packages/django/utils/module_loading.py", line 16, in cached_import
    return getattr(module, class_name)
           ^^^^^^^^^^^^^^^^^^^^^^^^^^^
AttributeError: module 'apps.core.utils' has no attribute 'custom_exception_handler'

The above exception was the direct cause of the following exception:

Traceback (most recent call last):
  File "/home/shadowcode/Bureau/mangaverse/env/lib/python3.11/site-packages/rest_framework/settings.py", line 179, in import_from_string
    return import_string(val)
           ^^^^^^^^^^^^^^^^^^
  File "/home/shadowcode/Bureau/mangaverse/env/lib/python3.11/site-packages/django/utils/module_loading.py", line 32, in import_string
    raise ImportError(
ImportError: Module "apps.core.utils" does not define a "custom_exception_handler" attribute/class

During handling of the above exception, another exception occurred:

Traceback (most recent call last):
  File "/home/shadowcode/Bureau/mangaverse/env/lib/python3.11/site-packages/django/core/handlers/exception.py", line 55, in inner
    response = get_response(request)
               ^^^^^^^^^^^^^^^^^^^^^
  File "/home/shadowcode/Bureau/mangaverse/env/lib/python3.11/site-packages/django/core/handlers/base.py", line 197, in _get_response
    response = wrapped_callback(request, *callback_args, **callback_kwargs)
               ^^^^^^^^^^^^^^^^^^^^^^^^^^^^^^^^^^^^^^^^^^^^^^^^^^^^^^^^^^^^
  File "/home/shadowcode/Bureau/mangaverse/env/lib/python3.11/site-packages/django/views/decorators/csrf.py", line 65, in _view_wrapper
    return view_func(request, *args, **kwargs)
           ^^^^^^^^^^^^^^^^^^^^^^^^^^^^^^^^^^^
  File "/home/shadowcode/Bureau/mangaverse/env/lib/python3.11/site-packages/django/views/generic/base.py", line 104, in view
    return self.dispatch(request, *args, **kwargs)
           ^^^^^^^^^^^^^^^^^^^^^^^^^^^^^^^^^^^^^^^
  File "/home/shadowcode/Bureau/mangaverse/env/lib/python3.11/site-packages/rest_framework/views.py", line 515, in dispatch
    response = self.handle_exception(exc)
               ^^^^^^^^^^^^^^^^^^^^^^^^^^
  File "/home/shadowcode/Bureau/mangaverse/env/lib/python3.11/site-packages/rest_framework/views.py", line 469, in handle_exception
    exception_handler = self.get_exception_handler()
                        ^^^^^^^^^^^^^^^^^^^^^^^^^^^^
  File "/home/shadowcode/Bureau/mangaverse/env/lib/python3.11/site-packages/rest_framework/views.py", line 304, in get_exception_handler
    return self.settings.EXCEPTION_HANDLER
           ^^^^^^^^^^^^^^^^^^^^^^^^^^^^^^^
  File "/home/shadowcode/Bureau/mangaverse/env/lib/python3.11/site-packages/rest_framework/settings.py", line 227, in __getattr__
    val = perform_import(val, attr)
          ^^^^^^^^^^^^^^^^^^^^^^^^^
  File "/home/shadowcode/Bureau/mangaverse/env/lib/python3.11/site-packages/rest_framework/settings.py", line 168, in perform_import
    return import_from_string(val, setting_name)
           ^^^^^^^^^^^^^^^^^^^^^^^^^^^^^^^^^^^^^
  File "/home/shadowcode/Bureau/mangaverse/env/lib/python3.11/site-packages/rest_framework/settings.py", line 182, in import_from_string
    raise ImportError(msg)
ImportError: Could not import 'apps.core.utils.custom_exception_handler' for API setting 'EXCEPTION_HANDLER'. ImportError: Module "apps.core.utils" does not define a "custom_exception_handler" attribute/class.
ERROR 2026-01-20 18:10:00,937 log 27544 140300497622720 Internal Server Error: /api/v1/schema/
Traceback (most recent call last):
  File "/home/shadowcode/Bureau/mangaverse/env/lib/python3.11/site-packages/django/utils/module_loading.py", line 30, in import_string
    return cached_import(module_path, class_name)
           ^^^^^^^^^^^^^^^^^^^^^^^^^^^^^^^^^^^^^^
  File "/home/shadowcode/Bureau/mangaverse/env/lib/python3.11/site-packages/django/utils/module_loading.py", line 16, in cached_import
    return getattr(module, class_name)
           ^^^^^^^^^^^^^^^^^^^^^^^^^^^
AttributeError: module 'redis.connection' has no attribute 'HiredisParser'

The above exception was the direct cause of the following exception:

Traceback (most recent call last):
  File "/home/shadowcode/Bureau/mangaverse/env/lib/python3.11/site-packages/django/core/handlers/exception.py", line 55, in inner
    response = get_response(request)
               ^^^^^^^^^^^^^^^^^^^^^
  File "/home/shadowcode/Bureau/mangaverse/env/lib/python3.11/site-packages/django/core/handlers/base.py", line 197, in _get_response
    response = wrapped_callback(request, *callback_args, **callback_kwargs)
               ^^^^^^^^^^^^^^^^^^^^^^^^^^^^^^^^^^^^^^^^^^^^^^^^^^^^^^^^^^^^
  File "/home/shadowcode/Bureau/mangaverse/env/lib/python3.11/site-packages/django/views/decorators/csrf.py", line 65, in _view_wrapper
    return view_func(request, *args, **kwargs)
           ^^^^^^^^^^^^^^^^^^^^^^^^^^^^^^^^^^^
  File "/home/shadowcode/Bureau/mangaverse/env/lib/python3.11/site-packages/django/views/generic/base.py", line 104, in view
    return self.dispatch(request, *args, **kwargs)
           ^^^^^^^^^^^^^^^^^^^^^^^^^^^^^^^^^^^^^^^
  File "/home/shadowcode/Bureau/mangaverse/env/lib/python3.11/site-packages/rest_framework/views.py", line 515, in dispatch
    response = self.handle_exception(exc)
               ^^^^^^^^^^^^^^^^^^^^^^^^^^
  File "/home/shadowcode/Bureau/mangaverse/env/lib/python3.11/site-packages/rest_framework/views.py", line 475, in handle_exception
    self.raise_uncaught_exception(exc)
  File "/home/shadowcode/Bureau/mangaverse/env/lib/python3.11/site-packages/rest_framework/views.py", line 486, in raise_uncaught_exception
    raise exc
  File "/home/shadowcode/Bureau/mangaverse/env/lib/python3.11/site-packages/rest_framework/views.py", line 503, in dispatch
    self.initial(request, *args, **kwargs)
  File "/home/shadowcode/Bureau/mangaverse/env/lib/python3.11/site-packages/rest_framework/views.py", line 422, in initial
    self.check_throttles(request)
  File "/home/shadowcode/Bureau/mangaverse/env/lib/python3.11/site-packages/rest_framework/views.py", line 365, in check_throttles
    if not throttle.allow_request(request, self):
           ^^^^^^^^^^^^^^^^^^^^^^^^^^^^^^^^^^^^^
  File "/home/shadowcode/Bureau/mangaverse/env/lib/python3.11/site-packages/rest_framework/throttling.py", line 123, in allow_request
    self.history = self.cache.get(self.key, [])
                   ^^^^^^^^^^^^^^^^^^^^^^^^^^^^
  File "/home/shadowcode/Bureau/mangaverse/env/lib/python3.11/site-packages/debug_toolbar/panels/cache.py", line 42, in wrapper
    return panel._record_call(cache, name, original_method, args, kwargs)
           ^^^^^^^^^^^^^^^^^^^^^^^^^^^^^^^^^^^^^^^^^^^^^^^^^^^^^^^^^^^^^^
  File "/home/shadowcode/Bureau/mangaverse/env/lib/python3.11/site-packages/debug_toolbar/panels/cache.py", line 151, in _record_call
    value = original_method(*args, **kwargs)
            ^^^^^^^^^^^^^^^^^^^^^^^^^^^^^^^^
  File "/home/shadowcode/Bureau/mangaverse/env/lib/python3.11/site-packages/django_redis/cache.py", line 92, in get
    value = self._get(key, default, version, client)
            ^^^^^^^^^^^^^^^^^^^^^^^^^^^^^^^^^^^^^^^^
  File "/home/shadowcode/Bureau/mangaverse/env/lib/python3.11/site-packages/django_redis/cache.py", line 29, in _decorator
    return method(self, *args, **kwargs)
           ^^^^^^^^^^^^^^^^^^^^^^^^^^^^^
  File "/home/shadowcode/Bureau/mangaverse/env/lib/python3.11/site-packages/django_redis/cache.py", line 99, in _get
    return self.client.get(key, default=default, version=version, client=client)
           ^^^^^^^^^^^^^^^^^^^^^^^^^^^^^^^^^^^^^^^^^^^^^^^^^^^^^^^^^^^^^^^^^^^^^
  File "/home/shadowcode/Bureau/mangaverse/env/lib/python3.11/site-packages/django_redis/client/default.py", line 293, in get
    client = self.get_client(write=False)
             ^^^^^^^^^^^^^^^^^^^^^^^^^^^^
  File "/home/shadowcode/Bureau/mangaverse/env/lib/python3.11/site-packages/django_redis/client/default.py", line 128, in get_client
    self._clients[index] = self.connect(index)
                           ^^^^^^^^^^^^^^^^^^^
  File "/home/shadowcode/Bureau/mangaverse/env/lib/python3.11/site-packages/django_redis/client/default.py", line 157, in connect
    return self.connection_factory.connect(self._server[index])
           ^^^^^^^^^^^^^^^^^^^^^^^^^^^^^^^^^^^^^^^^^^^^^^^^^^^^
  File "/home/shadowcode/Bureau/mangaverse/env/lib/python3.11/site-packages/django_redis/pool.py", line 69, in connect
    params = self.make_connection_params(url)
             ^^^^^^^^^^^^^^^^^^^^^^^^^^^^^^^^
  File "/home/shadowcode/Bureau/mangaverse/env/lib/python3.11/site-packages/django_redis/pool.py", line 41, in make_connection_params
    "parser_class": self.get_parser_cls(),
                    ^^^^^^^^^^^^^^^^^^^^^
  File "/home/shadowcode/Bureau/mangaverse/env/lib/python3.11/site-packages/django_redis/pool.py", line 97, in get_parser_cls
    return import_string(cls)
           ^^^^^^^^^^^^^^^^^^
  File "/home/shadowcode/Bureau/mangaverse/env/lib/python3.11/site-packages/django/utils/module_loading.py", line 32, in import_string
    raise ImportError(
ImportError: Module "redis.connection" does not define a "HiredisParser" attribute/class
ERROR 2026-01-20 18:10:14,436 log 27705 139635569366720 Internal Server Error: /api/v1/schema/
Traceback (most recent call last):
  File "/home/shadowcode/Bureau/mangaverse/env/lib/python3.11/site-packages/django/utils/module_loading.py", line 30, in import_string
    return cached_import(module_path, class_name)
           ^^^^^^^^^^^^^^^^^^^^^^^^^^^^^^^^^^^^^^
  File "/home/shadowcode/Bureau/mangaverse/env/lib/python3.11/site-packages/django/utils/module_loading.py", line 16, in cached_import
    return getattr(module, class_name)
           ^^^^^^^^^^^^^^^^^^^^^^^^^^^
AttributeError: module 'redis.connection' has no attribute 'HiredisParser'

The above exception was the direct cause of the following exception:

Traceback (most recent call last):
  File "/home/shadowcode/Bureau/mangaverse/env/lib/python3.11/site-packages/rest_framework/views.py", line 503, in dispatch
    self.initial(request, *args, **kwargs)
  File "/home/shadowcode/Bureau/mangaverse/env/lib/python3.11/site-packages/rest_framework/views.py", line 422, in initial
    self.check_throttles(request)
  File "/home/shadowcode/Bureau/mangaverse/env/lib/python3.11/site-packages/rest_framework/views.py", line 365, in check_throttles
    if not throttle.allow_request(request, self):
           ^^^^^^^^^^^^^^^^^^^^^^^^^^^^^^^^^^^^^
  File "/home/shadowcode/Bureau/mangaverse/env/lib/python3.11/site-packages/rest_framework/throttling.py", line 123, in allow_request
    self.history = self.cache.get(self.key, [])
                   ^^^^^^^^^^^^^^^^^^^^^^^^^^^^
  File "/home/shadowcode/Bureau/mangaverse/env/lib/python3.11/site-packages/debug_toolbar/panels/cache.py", line 42, in wrapper
    return panel._record_call(cache, name, original_method, args, kwargs)
           ^^^^^^^^^^^^^^^^^^^^^^^^^^^^^^^^^^^^^^^^^^^^^^^^^^^^^^^^^^^^^^
  File "/home/shadowcode/Bureau/mangaverse/env/lib/python3.11/site-packages/debug_toolbar/panels/cache.py", line 151, in _record_call
    value = original_method(*args, **kwargs)
            ^^^^^^^^^^^^^^^^^^^^^^^^^^^^^^^^
  File "/home/shadowcode/Bureau/mangaverse/env/lib/python3.11/site-packages/django_redis/cache.py", line 92, in get
    value = self._get(key, default, version, client)
            ^^^^^^^^^^^^^^^^^^^^^^^^^^^^^^^^^^^^^^^^
  File "/home/shadowcode/Bureau/mangaverse/env/lib/python3.11/site-packages/django_redis/cache.py", line 29, in _decorator
    return method(self, *args, **kwargs)
           ^^^^^^^^^^^^^^^^^^^^^^^^^^^^^
  File "/home/shadowcode/Bureau/mangaverse/env/lib/python3.11/site-packages/django_redis/cache.py", line 99, in _get
    return self.client.get(key, default=default, version=version, client=client)
           ^^^^^^^^^^^^^^^^^^^^^^^^^^^^^^^^^^^^^^^^^^^^^^^^^^^^^^^^^^^^^^^^^^^^^
  File "/home/shadowcode/Bureau/mangaverse/env/lib/python3.11/site-packages/django_redis/client/default.py", line 293, in get
    client = self.get_client(write=False)
             ^^^^^^^^^^^^^^^^^^^^^^^^^^^^
  File "/home/shadowcode/Bureau/mangaverse/env/lib/python3.11/site-packages/django_redis/client/default.py", line 128, in get_client
    self._clients[index] = self.connect(index)
                           ^^^^^^^^^^^^^^^^^^^
  File "/home/shadowcode/Bureau/mangaverse/env/lib/python3.11/site-packages/django_redis/client/default.py", line 157, in connect
    return self.connection_factory.connect(self._server[index])
           ^^^^^^^^^^^^^^^^^^^^^^^^^^^^^^^^^^^^^^^^^^^^^^^^^^^^
  File "/home/shadowcode/Bureau/mangaverse/env/lib/python3.11/site-packages/django_redis/pool.py", line 69, in connect
    params = self.make_connection_params(url)
             ^^^^^^^^^^^^^^^^^^^^^^^^^^^^^^^^
  File "/home/shadowcode/Bureau/mangaverse/env/lib/python3.11/site-packages/django_redis/pool.py", line 41, in make_connection_params
    "parser_class": self.get_parser_cls(),
                    ^^^^^^^^^^^^^^^^^^^^^
  File "/home/shadowcode/Bureau/mangaverse/env/lib/python3.11/site-packages/django_redis/pool.py", line 97, in get_parser_cls
    return import_string(cls)
           ^^^^^^^^^^^^^^^^^^
  File "/home/shadowcode/Bureau/mangaverse/env/lib/python3.11/site-packages/django/utils/module_loading.py", line 32, in import_string
    raise ImportError(
ImportError: Module "redis.connection" does not define a "HiredisParser" attribute/class

During handling of the above exception, another exception occurred:

Traceback (most recent call last):
  File "/home/shadowcode/Bureau/mangaverse/env/lib/python3.11/site-packages/django/utils/module_loading.py", line 30, in import_string
    return cached_import(module_path, class_name)
           ^^^^^^^^^^^^^^^^^^^^^^^^^^^^^^^^^^^^^^
  File "/home/shadowcode/Bureau/mangaverse/env/lib/python3.11/site-packages/django/utils/module_loading.py", line 16, in cached_import
    return getattr(module, class_name)
           ^^^^^^^^^^^^^^^^^^^^^^^^^^^
AttributeError: module 'apps.core.utils' has no attribute 'custom_exception_handler'

The above exception was the direct cause of the following exception:

Traceback (most recent call last):
  File "/home/shadowcode/Bureau/mangaverse/env/lib/python3.11/site-packages/rest_framework/settings.py", line 179, in import_from_string
    return import_string(val)
           ^^^^^^^^^^^^^^^^^^
  File "/home/shadowcode/Bureau/mangaverse/env/lib/python3.11/site-packages/django/utils/module_loading.py", line 32, in import_string
    raise ImportError(
ImportError: Module "apps.core.utils" does not define a "custom_exception_handler" attribute/class

During handling of the above exception, another exception occurred:

Traceback (most recent call last):
  File "/home/shadowcode/Bureau/mangaverse/env/lib/python3.11/site-packages/django/core/handlers/exception.py", line 55, in inner
    response = get_response(request)
               ^^^^^^^^^^^^^^^^^^^^^
  File "/home/shadowcode/Bureau/mangaverse/env/lib/python3.11/site-packages/django/core/handlers/base.py", line 197, in _get_response
    response = wrapped_callback(request, *callback_args, **callback_kwargs)
               ^^^^^^^^^^^^^^^^^^^^^^^^^^^^^^^^^^^^^^^^^^^^^^^^^^^^^^^^^^^^
  File "/home/shadowcode/Bureau/mangaverse/env/lib/python3.11/site-packages/django/views/decorators/csrf.py", line 65, in _view_wrapper
    return view_func(request, *args, **kwargs)
           ^^^^^^^^^^^^^^^^^^^^^^^^^^^^^^^^^^^
  File "/home/shadowcode/Bureau/mangaverse/env/lib/python3.11/site-packages/django/views/generic/base.py", line 104, in view
    return self.dispatch(request, *args, **kwargs)
           ^^^^^^^^^^^^^^^^^^^^^^^^^^^^^^^^^^^^^^^
  File "/home/shadowcode/Bureau/mangaverse/env/lib/python3.11/site-packages/rest_framework/views.py", line 515, in dispatch
    response = self.handle_exception(exc)
               ^^^^^^^^^^^^^^^^^^^^^^^^^^
  File "/home/shadowcode/Bureau/mangaverse/env/lib/python3.11/site-packages/rest_framework/views.py", line 469, in handle_exception
    exception_handler = self.get_exception_handler()
                        ^^^^^^^^^^^^^^^^^^^^^^^^^^^^
  File "/home/shadowcode/Bureau/mangaverse/env/lib/python3.11/site-packages/rest_framework/views.py", line 304, in get_exception_handler
    return self.settings.EXCEPTION_HANDLER
           ^^^^^^^^^^^^^^^^^^^^^^^^^^^^^^^
  File "/home/shadowcode/Bureau/mangaverse/env/lib/python3.11/site-packages/rest_framework/settings.py", line 227, in __getattr__
    val = perform_import(val, attr)
          ^^^^^^^^^^^^^^^^^^^^^^^^^
  File "/home/shadowcode/Bureau/mangaverse/env/lib/python3.11/site-packages/rest_framework/settings.py", line 168, in perform_import
    return import_from_string(val, setting_name)
           ^^^^^^^^^^^^^^^^^^^^^^^^^^^^^^^^^^^^^
  File "/home/shadowcode/Bureau/mangaverse/env/lib/python3.11/site-packages/rest_framework/settings.py", line 182, in import_from_string
    raise ImportError(msg)
ImportError: Could not import 'apps.core.utils.custom_exception_handler' for API setting 'EXCEPTION_HANDLER'. ImportError: Module "apps.core.utils" does not define a "custom_exception_handler" attribute/class.
ERROR 2026-01-20 18:10:30,078 log 27810 140427900483264 Internal Server Error: /api/v1/schema/
Traceback (most recent call last):
  File "/home/shadowcode/Bureau/mangaverse/env/lib/python3.11/site-packages/django/utils/module_loading.py", line 30, in import_string
    return cached_import(module_path, class_name)
           ^^^^^^^^^^^^^^^^^^^^^^^^^^^^^^^^^^^^^^
  File "/home/shadowcode/Bureau/mangaverse/env/lib/python3.11/site-packages/django/utils/module_loading.py", line 16, in cached_import
    return getattr(module, class_name)
           ^^^^^^^^^^^^^^^^^^^^^^^^^^^
AttributeError: module 'redis.connection' has no attribute 'HiredisParser'

The above exception was the direct cause of the following exception:

Traceback (most recent call last):
  File "/home/shadowcode/Bureau/mangaverse/env/lib/python3.11/site-packages/django/core/handlers/exception.py", line 55, in inner
    response = get_response(request)
               ^^^^^^^^^^^^^^^^^^^^^
  File "/home/shadowcode/Bureau/mangaverse/env/lib/python3.11/site-packages/django/core/handlers/base.py", line 197, in _get_response
    response = wrapped_callback(request, *callback_args, **callback_kwargs)
               ^^^^^^^^^^^^^^^^^^^^^^^^^^^^^^^^^^^^^^^^^^^^^^^^^^^^^^^^^^^^
  File "/home/shadowcode/Bureau/mangaverse/env/lib/python3.11/site-packages/django/views/decorators/csrf.py", line 65, in _view_wrapper
    return view_func(request, *args, **kwargs)
           ^^^^^^^^^^^^^^^^^^^^^^^^^^^^^^^^^^^
  File "/home/shadowcode/Bureau/mangaverse/env/lib/python3.11/site-packages/django/views/generic/base.py", line 104, in view
    return self.dispatch(request, *args, **kwargs)
           ^^^^^^^^^^^^^^^^^^^^^^^^^^^^^^^^^^^^^^^
  File "/home/shadowcode/Bureau/mangaverse/env/lib/python3.11/site-packages/rest_framework/views.py", line 515, in dispatch
    response = self.handle_exception(exc)
               ^^^^^^^^^^^^^^^^^^^^^^^^^^
  File "/home/shadowcode/Bureau/mangaverse/env/lib/python3.11/site-packages/rest_framework/views.py", line 475, in handle_exception
    self.raise_uncaught_exception(exc)
  File "/home/shadowcode/Bureau/mangaverse/env/lib/python3.11/site-packages/rest_framework/views.py", line 486, in raise_uncaught_exception
    raise exc
  File "/home/shadowcode/Bureau/mangaverse/env/lib/python3.11/site-packages/rest_framework/views.py", line 503, in dispatch
    self.initial(request, *args, **kwargs)
  File "/home/shadowcode/Bureau/mangaverse/env/lib/python3.11/site-packages/rest_framework/views.py", line 422, in initial
    self.check_throttles(request)
  File "/home/shadowcode/Bureau/mangaverse/env/lib/python3.11/site-packages/rest_framework/views.py", line 365, in check_throttles
    if not throttle.allow_request(request, self):
           ^^^^^^^^^^^^^^^^^^^^^^^^^^^^^^^^^^^^^
  File "/home/shadowcode/Bureau/mangaverse/env/lib/python3.11/site-packages/rest_framework/throttling.py", line 123, in allow_request
    self.history = self.cache.get(self.key, [])
                   ^^^^^^^^^^^^^^^^^^^^^^^^^^^^
  File "/home/shadowcode/Bureau/mangaverse/env/lib/python3.11/site-packages/debug_toolbar/panels/cache.py", line 42, in wrapper
    return panel._record_call(cache, name, original_method, args, kwargs)
           ^^^^^^^^^^^^^^^^^^^^^^^^^^^^^^^^^^^^^^^^^^^^^^^^^^^^^^^^^^^^^^
  File "/home/shadowcode/Bureau/mangaverse/env/lib/python3.11/site-packages/debug_toolbar/panels/cache.py", line 151, in _record_call
    value = original_method(*args, **kwargs)
            ^^^^^^^^^^^^^^^^^^^^^^^^^^^^^^^^
  File "/home/shadowcode/Bureau/mangaverse/env/lib/python3.11/site-packages/django_redis/cache.py", line 92, in get
    value = self._get(key, default, version, client)
            ^^^^^^^^^^^^^^^^^^^^^^^^^^^^^^^^^^^^^^^^
  File "/home/shadowcode/Bureau/mangaverse/env/lib/python3.11/site-packages/django_redis/cache.py", line 29, in _decorator
    return method(self, *args, **kwargs)
           ^^^^^^^^^^^^^^^^^^^^^^^^^^^^^
  File "/home/shadowcode/Bureau/mangaverse/env/lib/python3.11/site-packages/django_redis/cache.py", line 99, in _get
    return self.client.get(key, default=default, version=version, client=client)
           ^^^^^^^^^^^^^^^^^^^^^^^^^^^^^^^^^^^^^^^^^^^^^^^^^^^^^^^^^^^^^^^^^^^^^
  File "/home/shadowcode/Bureau/mangaverse/env/lib/python3.11/site-packages/django_redis/client/default.py", line 293, in get
    client = self.get_client(write=False)
             ^^^^^^^^^^^^^^^^^^^^^^^^^^^^
  File "/home/shadowcode/Bureau/mangaverse/env/lib/python3.11/site-packages/django_redis/client/default.py", line 128, in get_client
    self._clients[index] = self.connect(index)
                           ^^^^^^^^^^^^^^^^^^^
  File "/home/shadowcode/Bureau/mangaverse/env/lib/python3.11/site-packages/django_redis/client/default.py", line 157, in connect
    return self.connection_factory.connect(self._server[index])
           ^^^^^^^^^^^^^^^^^^^^^^^^^^^^^^^^^^^^^^^^^^^^^^^^^^^^
  File "/home/shadowcode/Bureau/mangaverse/env/lib/python3.11/site-packages/django_redis/pool.py", line 69, in connect
    params = self.make_connection_params(url)
             ^^^^^^^^^^^^^^^^^^^^^^^^^^^^^^^^
  File "/home/shadowcode/Bureau/mangaverse/env/lib/python3.11/site-packages/django_redis/pool.py", line 41, in make_connection_params
    "parser_class": self.get_parser_cls(),
                    ^^^^^^^^^^^^^^^^^^^^^
  File "/home/shadowcode/Bureau/mangaverse/env/lib/python3.11/site-packages/django_redis/pool.py", line 97, in get_parser_cls
    return import_string(cls)
           ^^^^^^^^^^^^^^^^^^
  File "/home/shadowcode/Bureau/mangaverse/env/lib/python3.11/site-packages/django/utils/module_loading.py", line 32, in import_string
    raise ImportError(
ImportError: Module "redis.connection" does not define a "HiredisParser" attribute/class
ERROR 2026-01-20 18:10:30,501 log 27810 140427900483264 Internal Server Error: /api/v1/schema/
Traceback (most recent call last):
  File "/home/shadowcode/Bureau/mangaverse/env/lib/python3.11/site-packages/django/utils/module_loading.py", line 30, in import_string
    return cached_import(module_path, class_name)
           ^^^^^^^^^^^^^^^^^^^^^^^^^^^^^^^^^^^^^^
  File "/home/shadowcode/Bureau/mangaverse/env/lib/python3.11/site-packages/django/utils/module_loading.py", line 16, in cached_import
    return getattr(module, class_name)
           ^^^^^^^^^^^^^^^^^^^^^^^^^^^
AttributeError: module 'redis.connection' has no attribute 'HiredisParser'

The above exception was the direct cause of the following exception:

Traceback (most recent call last):
  File "/home/shadowcode/Bureau/mangaverse/env/lib/python3.11/site-packages/django/core/handlers/exception.py", line 55, in inner
    response = get_response(request)
               ^^^^^^^^^^^^^^^^^^^^^
  File "/home/shadowcode/Bureau/mangaverse/env/lib/python3.11/site-packages/django/core/handlers/base.py", line 197, in _get_response
    response = wrapped_callback(request, *callback_args, **callback_kwargs)
               ^^^^^^^^^^^^^^^^^^^^^^^^^^^^^^^^^^^^^^^^^^^^^^^^^^^^^^^^^^^^
  File "/home/shadowcode/Bureau/mangaverse/env/lib/python3.11/site-packages/django/views/decorators/csrf.py", line 65, in _view_wrapper
    return view_func(request, *args, **kwargs)
           ^^^^^^^^^^^^^^^^^^^^^^^^^^^^^^^^^^^
  File "/home/shadowcode/Bureau/mangaverse/env/lib/python3.11/site-packages/django/views/generic/base.py", line 104, in view
    return self.dispatch(request, *args, **kwargs)
           ^^^^^^^^^^^^^^^^^^^^^^^^^^^^^^^^^^^^^^^
  File "/home/shadowcode/Bureau/mangaverse/env/lib/python3.11/site-packages/rest_framework/views.py", line 515, in dispatch
    response = self.handle_exception(exc)
               ^^^^^^^^^^^^^^^^^^^^^^^^^^
  File "/home/shadowcode/Bureau/mangaverse/env/lib/python3.11/site-packages/rest_framework/views.py", line 475, in handle_exception
    self.raise_uncaught_exception(exc)
  File "/home/shadowcode/Bureau/mangaverse/env/lib/python3.11/site-packages/rest_framework/views.py", line 486, in raise_uncaught_exception
    raise exc
  File "/home/shadowcode/Bureau/mangaverse/env/lib/python3.11/site-packages/rest_framework/views.py", line 503, in dispatch
    self.initial(request, *args, **kwargs)
  File "/home/shadowcode/Bureau/mangaverse/env/lib/python3.11/site-packages/rest_framework/views.py", line 422, in initial
    self.check_throttles(request)
  File "/home/shadowcode/Bureau/mangaverse/env/lib/python3.11/site-packages/rest_framework/views.py", line 365, in check_throttles
    if not throttle.allow_request(request, self):
           ^^^^^^^^^^^^^^^^^^^^^^^^^^^^^^^^^^^^^
  File "/home/shadowcode/Bureau/mangaverse/env/lib/python3.11/site-packages/rest_framework/throttling.py", line 123, in allow_request
    self.history = self.cache.get(self.key, [])
                   ^^^^^^^^^^^^^^^^^^^^^^^^^^^^
  File "/home/shadowcode/Bureau/mangaverse/env/lib/python3.11/site-packages/debug_toolbar/panels/cache.py", line 42, in wrapper
    return panel._record_call(cache, name, original_method, args, kwargs)
           ^^^^^^^^^^^^^^^^^^^^^^^^^^^^^^^^^^^^^^^^^^^^^^^^^^^^^^^^^^^^^^
  File "/home/shadowcode/Bureau/mangaverse/env/lib/python3.11/site-packages/debug_toolbar/panels/cache.py", line 151, in _record_call
    value = original_method(*args, **kwargs)
            ^^^^^^^^^^^^^^^^^^^^^^^^^^^^^^^^
  File "/home/shadowcode/Bureau/mangaverse/env/lib/python3.11/site-packages/django_redis/cache.py", line 92, in get
    value = self._get(key, default, version, client)
            ^^^^^^^^^^^^^^^^^^^^^^^^^^^^^^^^^^^^^^^^
  File "/home/shadowcode/Bureau/mangaverse/env/lib/python3.11/site-packages/django_redis/cache.py", line 29, in _decorator
    return method(self, *args, **kwargs)
           ^^^^^^^^^^^^^^^^^^^^^^^^^^^^^
  File "/home/shadowcode/Bureau/mangaverse/env/lib/python3.11/site-packages/django_redis/cache.py", line 99, in _get
    return self.client.get(key, default=default, version=version, client=client)
           ^^^^^^^^^^^^^^^^^^^^^^^^^^^^^^^^^^^^^^^^^^^^^^^^^^^^^^^^^^^^^^^^^^^^^
  File "/home/shadowcode/Bureau/mangaverse/env/lib/python3.11/site-packages/django_redis/client/default.py", line 293, in get
    client = self.get_client(write=False)
             ^^^^^^^^^^^^^^^^^^^^^^^^^^^^
  File "/home/shadowcode/Bureau/mangaverse/env/lib/python3.11/site-packages/django_redis/client/default.py", line 128, in get_client
    self._clients[index] = self.connect(index)
                           ^^^^^^^^^^^^^^^^^^^
  File "/home/shadowcode/Bureau/mangaverse/env/lib/python3.11/site-packages/django_redis/client/default.py", line 157, in connect
    return self.connection_factory.connect(self._server[index])
           ^^^^^^^^^^^^^^^^^^^^^^^^^^^^^^^^^^^^^^^^^^^^^^^^^^^^
  File "/home/shadowcode/Bureau/mangaverse/env/lib/python3.11/site-packages/django_redis/pool.py", line 69, in connect
    params = self.make_connection_params(url)
             ^^^^^^^^^^^^^^^^^^^^^^^^^^^^^^^^
  File "/home/shadowcode/Bureau/mangaverse/env/lib/python3.11/site-packages/django_redis/pool.py", line 41, in make_connection_params
    "parser_class": self.get_parser_cls(),
                    ^^^^^^^^^^^^^^^^^^^^^
  File "/home/shadowcode/Bureau/mangaverse/env/lib/python3.11/site-packages/django_redis/pool.py", line 97, in get_parser_cls
    return import_string(cls)
           ^^^^^^^^^^^^^^^^^^
  File "/home/shadowcode/Bureau/mangaverse/env/lib/python3.11/site-packages/django/utils/module_loading.py", line 32, in import_string
    raise ImportError(
ImportError: Module "redis.connection" does not define a "HiredisParser" attribute/class
